0 info it worked if it ends with ok
1 verbose cli [ '/Users/jbwg312/.nvm/versions/node/v6.2.2/bin/node',
1 verbose cli   '/Users/jbwg312/.nvm/versions/node/v6.2.2/bin/npm',
1 verbose cli   'install',
1 verbose cli   'raspi-io',
1 verbose cli   '--save' ]
2 info using npm@3.9.5
3 info using node@v6.2.2
4 silly loadCurrentTree Starting
5 silly install loadCurrentTree
6 silly install readLocalPackageData
7 silly fetchPackageMetaData raspi-io
8 silly fetchNamedPackageData raspi-io
9 silly mapToRegistry name raspi-io
10 silly mapToRegistry using default registry
11 silly mapToRegistry registry https://registry.npmjs.org/
12 silly mapToRegistry data Result {
12 silly mapToRegistry   raw: 'raspi-io',
12 silly mapToRegistry   scope: null,
12 silly mapToRegistry   name: 'raspi-io',
12 silly mapToRegistry   rawSpec: '',
12 silly mapToRegistry   spec: 'latest',
12 silly mapToRegistry   type: 'tag' }
13 silly mapToRegistry uri https://registry.npmjs.org/raspi-io
14 verbose request uri https://registry.npmjs.org/raspi-io
15 verbose request no auth needed
16 info attempt registry request try #1 at 3:28:50 PM
17 verbose request id 7aa7bc7907d702b3
18 verbose etag "C9NI24R90MKU4B0LJ5BY1DFZ5"
19 http request GET https://registry.npmjs.org/raspi-io
20 http 304 https://registry.npmjs.org/raspi-io
21 verbose headers { date: 'Fri, 30 Sep 2016 21:28:50 GMT',
21 verbose headers   via: '1.1 varnish',
21 verbose headers   'cache-control': 'max-age=300',
21 verbose headers   etag: '"C9NI24R90MKU4B0LJ5BY1DFZ5"',
21 verbose headers   age: '112',
21 verbose headers   connection: 'keep-alive',
21 verbose headers   'x-served-by': 'cache-dfw1825-DFW',
21 verbose headers   'x-cache': 'HIT',
21 verbose headers   'x-cache-hits': '1',
21 verbose headers   'x-timer': 'S1475270930.640472,VS0,VE0',
21 verbose headers   vary: 'Accept-Encoding' }
22 silly get cb [ 304,
22 silly get   { date: 'Fri, 30 Sep 2016 21:28:50 GMT',
22 silly get     via: '1.1 varnish',
22 silly get     'cache-control': 'max-age=300',
22 silly get     etag: '"C9NI24R90MKU4B0LJ5BY1DFZ5"',
22 silly get     age: '112',
22 silly get     connection: 'keep-alive',
22 silly get     'x-served-by': 'cache-dfw1825-DFW',
22 silly get     'x-cache': 'HIT',
22 silly get     'x-cache-hits': '1',
22 silly get     'x-timer': 'S1475270930.640472,VS0,VE0',
22 silly get     vary: 'Accept-Encoding' } ]
23 verbose etag https://registry.npmjs.org/raspi-io from cache
24 verbose get saving raspi-io to /Users/jbwg312/.npm/registry.npmjs.org/raspi-io/.cache.json
25 verbose correctMkdir /Users/jbwg312/.npm correctMkdir not in flight; initializing
26 silly install normalizeTree
27 silly loadCurrentTree Finishing
28 silly loadIdealTree Starting
29 silly install loadIdealTree
30 silly cloneCurrentTree Starting
31 silly install cloneCurrentTreeToIdealTree
32 silly cloneCurrentTree Finishing
33 silly loadShrinkwrap Starting
34 silly install loadShrinkwrap
35 silly loadShrinkwrap Finishing
36 silly loadAllDepsIntoIdealTree Starting
37 silly install loadAllDepsIntoIdealTree
38 silly resolveWithNewModule raspi-io@6.1.0 checking installable status
39 silly cache add args [ 'raspi-io', null ]
40 verbose cache add spec raspi-io
41 silly cache add parsed spec Result {
41 silly cache add   raw: 'raspi-io',
41 silly cache add   scope: null,
41 silly cache add   name: 'raspi-io',
41 silly cache add   rawSpec: '',
41 silly cache add   spec: 'latest',
41 silly cache add   type: 'tag' }
42 silly addNamed raspi-io@latest
43 verbose addNamed "latest" is being treated as a dist-tag for raspi-io
44 info addNameTag [ 'raspi-io', 'latest' ]
45 silly mapToRegistry name raspi-io
46 silly mapToRegistry using default registry
47 silly mapToRegistry registry https://registry.npmjs.org/
48 silly mapToRegistry data Result {
48 silly mapToRegistry   raw: 'raspi-io',
48 silly mapToRegistry   scope: null,
48 silly mapToRegistry   name: 'raspi-io',
48 silly mapToRegistry   rawSpec: '',
48 silly mapToRegistry   spec: 'latest',
48 silly mapToRegistry   type: 'tag' }
49 silly mapToRegistry uri https://registry.npmjs.org/raspi-io
50 verbose addNameTag registry:https://registry.npmjs.org/raspi-io not in flight; fetching
51 verbose get https://registry.npmjs.org/raspi-io not expired, no request
52 silly addNameTag next cb for raspi-io with tag latest
53 silly addNamed raspi-io@6.1.0
54 verbose addNamed "6.1.0" is a plain semver version for raspi-io
55 silly cache afterAdd raspi-io@6.1.0
56 verbose afterAdd /Users/jbwg312/.npm/raspi-io/6.1.0/package/package.json not in flight; writing
57 verbose correctMkdir /Users/jbwg312/.npm correctMkdir not in flight; initializing
58 verbose afterAdd /Users/jbwg312/.npm/raspi-io/6.1.0/package/package.json written
59 silly fetchNamedPackageData raspi-gpio
60 silly mapToRegistry name raspi-gpio
61 silly mapToRegistry using default registry
62 silly mapToRegistry registry https://registry.npmjs.org/
63 silly mapToRegistry data Result {
63 silly mapToRegistry   raw: 'raspi-gpio',
63 silly mapToRegistry   scope: null,
63 silly mapToRegistry   name: 'raspi-gpio',
63 silly mapToRegistry   rawSpec: '',
63 silly mapToRegistry   spec: 'latest',
63 silly mapToRegistry   type: 'tag' }
64 silly mapToRegistry uri https://registry.npmjs.org/raspi-gpio
65 verbose request uri https://registry.npmjs.org/raspi-gpio
66 verbose request no auth needed
67 info attempt registry request try #1 at 3:28:50 PM
68 verbose etag "F27MCN0FEIE3U12TRJELGPU8W"
69 http request GET https://registry.npmjs.org/raspi-gpio
70 http 304 https://registry.npmjs.org/raspi-gpio
71 verbose headers { date: 'Fri, 30 Sep 2016 21:28:51 GMT',
71 verbose headers   via: '1.1 varnish',
71 verbose headers   'cache-control': 'max-age=300',
71 verbose headers   etag: '"F27MCN0FEIE3U12TRJELGPU8W"',
71 verbose headers   age: '106',
71 verbose headers   connection: 'keep-alive',
71 verbose headers   'x-served-by': 'cache-dfw1825-DFW',
71 verbose headers   'x-cache': 'HIT',
71 verbose headers   'x-cache-hits': '1',
71 verbose headers   'x-timer': 'S1475270931.000844,VS0,VE0',
71 verbose headers   vary: 'Accept-Encoding' }
72 silly get cb [ 304,
72 silly get   { date: 'Fri, 30 Sep 2016 21:28:51 GMT',
72 silly get     via: '1.1 varnish',
72 silly get     'cache-control': 'max-age=300',
72 silly get     etag: '"F27MCN0FEIE3U12TRJELGPU8W"',
72 silly get     age: '106',
72 silly get     connection: 'keep-alive',
72 silly get     'x-served-by': 'cache-dfw1825-DFW',
72 silly get     'x-cache': 'HIT',
72 silly get     'x-cache-hits': '1',
72 silly get     'x-timer': 'S1475270931.000844,VS0,VE0',
72 silly get     vary: 'Accept-Encoding' } ]
73 verbose etag https://registry.npmjs.org/raspi-gpio from cache
74 verbose get saving raspi-gpio to /Users/jbwg312/.npm/registry.npmjs.org/raspi-gpio/.cache.json
75 verbose correctMkdir /Users/jbwg312/.npm correctMkdir not in flight; initializing
76 silly resolveWithNewModule raspi-gpio@2.3.0 checking installable status
77 silly cache add args [ 'raspi-gpio@^2.3.0', null ]
78 verbose cache add spec raspi-gpio@^2.3.0
79 silly cache add parsed spec Result {
79 silly cache add   raw: 'raspi-gpio@^2.3.0',
79 silly cache add   scope: null,
79 silly cache add   name: 'raspi-gpio',
79 silly cache add   rawSpec: '^2.3.0',
79 silly cache add   spec: '>=2.3.0 <3.0.0',
79 silly cache add   type: 'range' }
80 silly addNamed raspi-gpio@>=2.3.0 <3.0.0
81 verbose addNamed ">=2.3.0 <3.0.0" is a valid semver range for raspi-gpio
82 silly addNameRange { name: 'raspi-gpio', range: '>=2.3.0 <3.0.0', hasData: false }
83 silly mapToRegistry name raspi-gpio
84 silly mapToRegistry using default registry
85 silly mapToRegistry registry https://registry.npmjs.org/
86 silly mapToRegistry data Result {
86 silly mapToRegistry   raw: 'raspi-gpio',
86 silly mapToRegistry   scope: null,
86 silly mapToRegistry   name: 'raspi-gpio',
86 silly mapToRegistry   rawSpec: '',
86 silly mapToRegistry   spec: 'latest',
86 silly mapToRegistry   type: 'tag' }
87 silly mapToRegistry uri https://registry.npmjs.org/raspi-gpio
88 verbose addNameRange registry:https://registry.npmjs.org/raspi-gpio not in flight; fetching
89 verbose get https://registry.npmjs.org/raspi-gpio not expired, no request
90 silly addNameRange number 2 { name: 'raspi-gpio', range: '>=2.3.0 <3.0.0', hasData: true }
91 silly addNameRange versions [ 'raspi-gpio',
91 silly addNameRange   [ '1.0.0',
91 silly addNameRange     '1.0.1',
91 silly addNameRange     '1.0.2',
91 silly addNameRange     '1.0.3',
91 silly addNameRange     '1.0.4',
91 silly addNameRange     '1.0.5',
91 silly addNameRange     '1.1.0',
91 silly addNameRange     '1.2.0',
91 silly addNameRange     '1.2.1',
91 silly addNameRange     '1.3.0',
91 silly addNameRange     '1.4.0',
91 silly addNameRange     '1.4.1',
91 silly addNameRange     '1.5.0',
91 silly addNameRange     '2.0.0',
91 silly addNameRange     '2.1.0',
91 silly addNameRange     '2.2.0',
91 silly addNameRange     '2.2.1',
91 silly addNameRange     '2.2.2',
91 silly addNameRange     '2.3.0' ] ]
92 silly addNamed raspi-gpio@2.3.0
93 verbose addNamed "2.3.0" is a plain semver version for raspi-gpio
94 silly cache afterAdd raspi-gpio@2.3.0
95 verbose afterAdd /Users/jbwg312/.npm/raspi-gpio/2.3.0/package/package.json not in flight; writing
96 verbose correctMkdir /Users/jbwg312/.npm correctMkdir not in flight; initializing
97 verbose afterAdd /Users/jbwg312/.npm/raspi-gpio/2.3.0/package/package.json written
98 silly loadAllDepsIntoIdealTree Finishing
99 silly idealTree:prePrune server@0.0.0
99 silly idealTree:prePrune ├── accepts@1.2.13
99 silly idealTree:prePrune ├── acorn-globals@1.0.9
99 silly idealTree:prePrune ├── acorn@2.7.0
99 silly idealTree:prePrune ├── align-text@0.1.4
99 silly idealTree:prePrune ├── amdefine@1.0.0
99 silly idealTree:prePrune ├── ansi-regex@2.0.0
99 silly idealTree:prePrune ├── ansi-styles@2.2.1
99 silly idealTree:prePrune ├── array-flatten@1.1.1
99 silly idealTree:prePrune ├── asap@1.0.0
99 silly idealTree:prePrune ├── async@0.2.10
99 silly idealTree:prePrune ├── basic-auth@1.0.4
99 silly idealTree:prePrune ├── bindings@1.2.1
99 silly idealTree:prePrune ├── bluebird@3.4.6
99 silly idealTree:prePrune ├── body-parser@1.15.2
99 silly idealTree:prePrune ├── browser-serialport@2.0.3
99 silly idealTree:prePrune ├── bytes@2.4.0
99 silly idealTree:prePrune ├── camelcase@1.2.1
99 silly idealTree:prePrune ├── center-align@0.1.3
99 silly idealTree:prePrune ├── chalk@1.1.3
99 silly idealTree:prePrune ├── character-parser@1.2.1
99 silly idealTree:prePrune ├─┬ clean-css@3.4.20
99 silly idealTree:prePrune │ └── commander@2.8.1
99 silly idealTree:prePrune ├─┬ cliui@2.1.0
99 silly idealTree:prePrune │ └── wordwrap@0.0.2
99 silly idealTree:prePrune ├── color-convert@1.2.2
99 silly idealTree:prePrune ├── commander@2.6.0
99 silly idealTree:prePrune ├── constantinople@3.0.2
99 silly idealTree:prePrune ├── content-disposition@0.5.1
99 silly idealTree:prePrune ├── content-type@1.0.2
99 silly idealTree:prePrune ├── cookie-parser@1.4.3
99 silly idealTree:prePrune ├── cookie-signature@1.0.6
99 silly idealTree:prePrune ├── cookie@0.3.1
99 silly idealTree:prePrune ├── css-parse@1.0.4
99 silly idealTree:prePrune ├── css-stringify@1.0.5
99 silly idealTree:prePrune ├── css@1.0.8
99 silly idealTree:prePrune ├── debug@2.2.0
99 silly idealTree:prePrune ├── decamelize@1.2.0
99 silly idealTree:prePrune ├── define-properties@1.1.2
99 silly idealTree:prePrune ├── depd@1.1.0
99 silly idealTree:prePrune ├── destroy@1.0.4
99 silly idealTree:prePrune ├── ease-component@1.0.0
99 silly idealTree:prePrune ├── ee-first@1.1.1
99 silly idealTree:prePrune ├── es6-promise@3.3.1
99 silly idealTree:prePrune ├── es6-shim@0.35.1
99 silly idealTree:prePrune ├── escape-html@1.0.3
99 silly idealTree:prePrune ├── escape-string-regexp@1.0.5
99 silly idealTree:prePrune ├── etag@1.7.0
99 silly idealTree:prePrune ├─┬ express@4.13.4
99 silly idealTree:prePrune │ ├── cookie@0.1.5
99 silly idealTree:prePrune │ └── qs@4.0.0
99 silly idealTree:prePrune ├── finalhandler@0.4.1
99 silly idealTree:prePrune ├─┬ firebase@3.4.1
99 silly idealTree:prePrune │ ├── dom-storage@2.0.2
99 silly idealTree:prePrune │ ├─┬ faye-websocket@0.9.3
99 silly idealTree:prePrune │ │ └─┬ websocket-driver@0.6.4
99 silly idealTree:prePrune │ │   └── websocket-extensions@0.1.1
99 silly idealTree:prePrune │ ├─┬ jsonwebtoken@5.7.0
99 silly idealTree:prePrune │ │ ├─┬ jws@3.1.3
99 silly idealTree:prePrune │ │ │ ├─┬ base64url@1.0.6
99 silly idealTree:prePrune │ │ │ │ ├─┬ concat-stream@1.4.10
99 silly idealTree:prePrune │ │ │ │ │ ├── inherits@2.0.1
99 silly idealTree:prePrune │ │ │ │ │ ├─┬ readable-stream@1.1.14
99 silly idealTree:prePrune │ │ │ │ │ │ ├── core-util-is@1.0.2
99 silly idealTree:prePrune │ │ │ │ │ │ ├── isarray@0.0.1
99 silly idealTree:prePrune │ │ │ │ │ │ └── string_decoder@0.10.31
99 silly idealTree:prePrune │ │ │ │ │ └── typedarray@0.0.6
99 silly idealTree:prePrune │ │ │ │ └─┬ meow@2.0.0
99 silly idealTree:prePrune │ │ │ │   ├─┬ camelcase-keys@1.0.0
99 silly idealTree:prePrune │ │ │ │   │ ├── camelcase@1.2.1
99 silly idealTree:prePrune │ │ │ │   │ └── map-obj@1.0.1
99 silly idealTree:prePrune │ │ │ │   ├─┬ indent-string@1.2.2
99 silly idealTree:prePrune │ │ │ │   │ ├── get-stdin@4.0.1
99 silly idealTree:prePrune │ │ │ │   │ └─┬ repeating@1.1.3
99 silly idealTree:prePrune │ │ │ │   │   └─┬ is-finite@1.0.1
99 silly idealTree:prePrune │ │ │ │   │     └── number-is-nan@1.0.0
99 silly idealTree:prePrune │ │ │ │   ├── minimist@1.2.0
99 silly idealTree:prePrune │ │ │ │   └── object-assign@1.0.0
99 silly idealTree:prePrune │ │ │ └─┬ jwa@1.1.3
99 silly idealTree:prePrune │ │ │   ├── buffer-equal-constant-time@1.0.1
99 silly idealTree:prePrune │ │ │   └─┬ ecdsa-sig-formatter@1.0.5
99 silly idealTree:prePrune │ │ │     └── base64-url@1.2.2
99 silly idealTree:prePrune │ │ ├── ms@0.7.1
99 silly idealTree:prePrune │ │ └── xtend@4.0.1
99 silly idealTree:prePrune │ ├── rsvp@3.2.1
99 silly idealTree:prePrune │ └── xmlhttprequest@1.8.0
99 silly idealTree:prePrune ├── firmata@0.14.1
99 silly idealTree:prePrune ├── foreach@2.0.5
99 silly idealTree:prePrune ├── forwarded@0.1.0
99 silly idealTree:prePrune ├── fresh@0.3.0
99 silly idealTree:prePrune ├── function-bind@1.1.0
99 silly idealTree:prePrune ├── graceful-readlink@1.0.1
99 silly idealTree:prePrune ├── has-ansi@2.0.0
99 silly idealTree:prePrune ├── http-errors@1.5.0
99 silly idealTree:prePrune ├── i2c-bus@1.1.1
99 silly idealTree:prePrune ├── iconv-lite@0.4.13
99 silly idealTree:prePrune ├── inherits@2.0.1
99 silly idealTree:prePrune ├── ini-builder@1.0.3
99 silly idealTree:prePrune ├── ipaddr.js@1.0.5
99 silly idealTree:prePrune ├── is-buffer@1.1.4
99 silly idealTree:prePrune ├── is-promise@2.1.0
99 silly idealTree:prePrune ├── jade@1.11.0
99 silly idealTree:prePrune ├── johnny-five@0.10.1
99 silly idealTree:prePrune ├── jstransformer@0.0.2
99 silly idealTree:prePrune ├── kind-of@3.0.4
99 silly idealTree:prePrune ├── lazy-cache@1.0.4
99 silly idealTree:prePrune ├── lodash.clonedeep@4.5.0
99 silly idealTree:prePrune ├── lodash.debounce@4.0.8
99 silly idealTree:prePrune ├── longest@1.0.1
99 silly idealTree:prePrune ├── media-typer@0.3.0
99 silly idealTree:prePrune ├── merge-descriptors@1.0.1
99 silly idealTree:prePrune ├── methods@1.1.2
99 silly idealTree:prePrune ├── mime-db@1.24.0
99 silly idealTree:prePrune ├── mime-types@2.1.12
99 silly idealTree:prePrune ├── mime@1.3.4
99 silly idealTree:prePrune ├── minimist@0.0.8
99 silly idealTree:prePrune ├── mkdirp@0.5.1
99 silly idealTree:prePrune ├── morgan@1.7.0
99 silly idealTree:prePrune ├── ms@0.7.1
99 silly idealTree:prePrune ├── nan@2.4.0
99 silly idealTree:prePrune ├── nanotimer@0.3.10
99 silly idealTree:prePrune ├── negotiator@0.5.3
99 silly idealTree:prePrune ├── object-keys@1.0.11
99 silly idealTree:prePrune ├── object.assign@4.0.4
99 silly idealTree:prePrune ├── on-finished@2.3.0
99 silly idealTree:prePrune ├── on-headers@1.0.1
99 silly idealTree:prePrune ├── optimist@0.3.7
99 silly idealTree:prePrune ├── parseurl@1.3.1
99 silly idealTree:prePrune ├── path-to-regexp@0.1.7
99 silly idealTree:prePrune ├── promise@6.1.0
99 silly idealTree:prePrune ├── proxy-addr@1.0.10
99 silly idealTree:prePrune ├── qs@6.2.0
99 silly idealTree:prePrune ├── range-parser@1.0.3
99 silly idealTree:prePrune ├── raspi-board@3.2.0
99 silly idealTree:prePrune ├── raspi-gpio@2.3.0
99 silly idealTree:prePrune ├── raspi-i2c@3.1.0
99 silly idealTree:prePrune ├── raspi-io@6.1.0
99 silly idealTree:prePrune ├── raspi-led@1.5.0
99 silly idealTree:prePrune ├── raspi-peripheral@1.6.0
99 silly idealTree:prePrune ├── raspi-pwm@3.1.0
99 silly idealTree:prePrune ├─┬ raspi-serial@1.5.0
99 silly idealTree:prePrune │ ├── nan@2.2.1
99 silly idealTree:prePrune │ ├── optimist@0.6.1
99 silly idealTree:prePrune │ └─┬ serialport@2.1.2
99 silly idealTree:prePrune │   ├── abbrev@1.0.7
99 silly idealTree:prePrune │   ├── acorn@1.2.2
99 silly idealTree:prePrune │   ├── ansi-regex@2.0.0
99 silly idealTree:prePrune │   ├── ansi-styles@2.2.1
99 silly idealTree:prePrune │   ├── ansi@0.3.1
99 silly idealTree:prePrune │   ├── are-we-there-yet@1.1.2
99 silly idealTree:prePrune │   ├── asn1@0.2.3
99 silly idealTree:prePrune │   ├── assert-plus@0.2.0
99 silly idealTree:prePrune │   ├── ast-types@0.8.16
99 silly idealTree:prePrune │   ├── async@1.5.2
99 silly idealTree:prePrune │   ├── aws-sign2@0.6.0
99 silly idealTree:prePrune │   ├── aws4@1.3.2
99 silly idealTree:prePrune │   ├── balanced-match@0.3.0
99 silly idealTree:prePrune │   ├─┬ bl@1.1.2
99 silly idealTree:prePrune │   │ └── readable-stream@2.0.6
99 silly idealTree:prePrune │   ├── block-stream@0.0.8
99 silly idealTree:prePrune │   ├── boom@2.10.1
99 silly idealTree:prePrune │   ├── brace-expansion@1.1.3
99 silly idealTree:prePrune │   ├── caseless@0.11.0
99 silly idealTree:prePrune │   ├── chalk@1.1.3
99 silly idealTree:prePrune │   ├── combined-stream@1.0.5
99 silly idealTree:prePrune │   ├── commander@2.9.0
99 silly idealTree:prePrune │   ├── concat-map@0.0.1
99 silly idealTree:prePrune │   ├── core-util-is@1.0.2
99 silly idealTree:prePrune │   ├── cryptiles@2.0.5
99 silly idealTree:prePrune │   ├─┬ dashdash@1.13.1
99 silly idealTree:prePrune │   │ └── assert-plus@1.0.0
99 silly idealTree:prePrune │   ├── debug@2.2.0
99 silly idealTree:prePrune │   ├── deep-extend@0.4.1
99 silly idealTree:prePrune │   ├── delayed-stream@1.0.0
99 silly idealTree:prePrune │   ├── delegates@1.0.0
99 silly idealTree:prePrune │   ├─┬ ecc-jsbn@0.0.1
99 silly idealTree:prePrune │   │ └── jsbn@0.0.0
99 silly idealTree:prePrune │   ├── escape-string-regexp@1.0.5
99 silly idealTree:prePrune │   ├── esmangle-evaluator@1.0.0
99 silly idealTree:prePrune │   ├── esprima@2.7.2
99 silly idealTree:prePrune │   ├── extend@3.0.0
99 silly idealTree:prePrune │   ├── extsprintf@1.0.2
99 silly idealTree:prePrune │   ├─┬ falafel@1.2.0
99 silly idealTree:prePrune │   │ └── isarray@0.0.1
99 silly idealTree:prePrune │   ├── foreach@2.0.5
99 silly idealTree:prePrune │   ├── forever-agent@0.6.1
99 silly idealTree:prePrune │   ├── form-data@1.0.0-rc4
99 silly idealTree:prePrune │   ├── fstream-ignore@1.0.3
99 silly idealTree:prePrune │   ├── fstream@1.0.8
99 silly idealTree:prePrune │   ├── gauge@1.2.7
99 silly idealTree:prePrune │   ├── generate-function@2.0.0
99 silly idealTree:prePrune │   ├── generate-object-property@1.2.0
99 silly idealTree:prePrune │   ├─┬ getpass@0.1.5
99 silly idealTree:prePrune │   │ └── assert-plus@1.0.0
99 silly idealTree:prePrune │   ├── github@0.2.4
99 silly idealTree:prePrune │   ├── glob@7.0.3
99 silly idealTree:prePrune │   ├── graceful-fs@4.1.3
99 silly idealTree:prePrune │   ├── graceful-readlink@1.0.1
99 silly idealTree:prePrune │   ├── har-validator@2.0.6
99 silly idealTree:prePrune │   ├── has-ansi@2.0.0
99 silly idealTree:prePrune │   ├── has-unicode@2.0.0
99 silly idealTree:prePrune │   ├── hawk@3.1.3
99 silly idealTree:prePrune │   ├── hoek@2.16.3
99 silly idealTree:prePrune │   ├── http-signature@1.1.1
99 silly idealTree:prePrune │   ├── inflight@1.0.4
99 silly idealTree:prePrune │   ├── inherits@2.0.1
99 silly idealTree:prePrune │   ├── ini@1.3.4
99 silly idealTree:prePrune │   ├── inline-process-browser@2.0.1
99 silly idealTree:prePrune │   ├── is-my-json-valid@2.13.1
99 silly idealTree:prePrune │   ├── is-property@1.0.2
99 silly idealTree:prePrune │   ├── is-typedarray@1.0.0
99 silly idealTree:prePrune │   ├── isarray@1.0.0
99 silly idealTree:prePrune │   ├── isstream@0.1.2
99 silly idealTree:prePrune │   ├── jodid25519@1.0.2
99 silly idealTree:prePrune │   ├── jsbn@0.1.0
99 silly idealTree:prePrune │   ├── json-schema@0.2.2
99 silly idealTree:prePrune │   ├── json-stringify-safe@5.0.1
99 silly idealTree:prePrune │   ├── jsonpointer@2.0.0
99 silly idealTree:prePrune │   ├── jsprim@1.2.2
99 silly idealTree:prePrune │   ├── lodash._baseslice@4.0.0
99 silly idealTree:prePrune │   ├── lodash.pad@4.3.0
99 silly idealTree:prePrune │   ├── lodash.padend@4.4.0
99 silly idealTree:prePrune │   ├── lodash.padstart@4.4.0
99 silly idealTree:prePrune │   ├── lodash.tostring@4.1.2
99 silly idealTree:prePrune │   ├── lru-cache@4.0.1
99 silly idealTree:prePrune │   ├── mime-db@1.22.0
99 silly idealTree:prePrune │   ├── mime-types@2.1.10
99 silly idealTree:prePrune │   ├── mime@1.3.4
99 silly idealTree:prePrune │   ├── minimatch@3.0.0
99 silly idealTree:prePrune │   ├── minimist@0.0.8
99 silly idealTree:prePrune │   ├── mkdirp@0.5.1
99 silly idealTree:prePrune │   ├── ms@0.7.1
99 silly idealTree:prePrune │   ├── node-pre-gyp-github@1.1.2
99 silly idealTree:prePrune │   ├── node-pre-gyp@0.6.26
99 silly idealTree:prePrune │   ├── node-uuid@1.4.7
99 silly idealTree:prePrune │   ├── nopt@3.0.6
99 silly idealTree:prePrune │   ├── npmlog@2.0.3
99 silly idealTree:prePrune │   ├── oauth-sign@0.8.1
99 silly idealTree:prePrune │   ├── object-keys@1.0.9
99 silly idealTree:prePrune │   ├── once@1.3.3
99 silly idealTree:prePrune │   ├── path-is-absolute@1.0.0
99 silly idealTree:prePrune │   ├── pinkie-promise@2.0.1
99 silly idealTree:prePrune │   ├── pinkie@2.0.4
99 silly idealTree:prePrune │   ├── private@0.1.6
99 silly idealTree:prePrune │   ├── process-nextick-args@1.0.6
99 silly idealTree:prePrune │   ├── pseudomap@1.0.2
99 silly idealTree:prePrune │   ├── qs@6.1.0
99 silly idealTree:prePrune │   ├─┬ rc@1.1.6
99 silly idealTree:prePrune │   │ └── minimist@1.2.0
99 silly idealTree:prePrune │   ├── readable-stream@2.1.0
99 silly idealTree:prePrune │   ├── recast@0.11.5
99 silly idealTree:prePrune │   ├── request@2.72.0
99 silly idealTree:prePrune │   ├── rimraf@2.5.2
99 silly idealTree:prePrune │   ├── semver@5.1.0
99 silly idealTree:prePrune │   ├── sntp@1.0.9
99 silly idealTree:prePrune │   ├── source-map@0.5.4
99 silly idealTree:prePrune │   ├─┬ sshpk@1.8.1
99 silly idealTree:prePrune │   │ └── assert-plus@1.0.0
99 silly idealTree:prePrune │   ├── string_decoder@0.10.31
99 silly idealTree:prePrune │   ├── stringstream@0.0.5
99 silly idealTree:prePrune │   ├── strip-ansi@3.0.1
99 silly idealTree:prePrune │   ├── strip-json-comments@1.0.4
99 silly idealTree:prePrune │   ├── supports-color@2.0.0
99 silly idealTree:prePrune │   ├─┬ tar-pack@3.1.3
99 silly idealTree:prePrune │   │ └── readable-stream@2.0.6
99 silly idealTree:prePrune │   ├── tar@2.2.1
99 silly idealTree:prePrune │   ├─┬ through2@0.6.5
99 silly idealTree:prePrune │   │ ├── isarray@0.0.1
99 silly idealTree:prePrune │   │ └── readable-stream@1.0.34
99 silly idealTree:prePrune │   ├── tough-cookie@2.2.2
99 silly idealTree:prePrune │   ├── tunnel-agent@0.4.2
99 silly idealTree:prePrune │   ├── tweetnacl@0.13.3
99 silly idealTree:prePrune │   ├── uid-number@0.0.6
99 silly idealTree:prePrune │   ├── unreachable-branch-transform@0.5.1
99 silly idealTree:prePrune │   ├── util-deprecate@1.0.2
99 silly idealTree:prePrune │   ├── verror@1.3.6
99 silly idealTree:prePrune │   ├── wrappy@1.0.1
99 silly idealTree:prePrune │   ├── xtend@4.0.1
99 silly idealTree:prePrune │   └── yallist@2.0.0
99 silly idealTree:prePrune ├── raspi-wiringpi@1.0.6
99 silly idealTree:prePrune ├── raspi@2.1.0
99 silly idealTree:prePrune ├── raw-body@2.1.7
99 silly idealTree:prePrune ├── repeat-string@1.5.4
99 silly idealTree:prePrune ├── right-align@0.1.3
99 silly idealTree:prePrune ├─┬ send@0.13.1
99 silly idealTree:prePrune │ ├── http-errors@1.3.1
99 silly idealTree:prePrune │ └── statuses@1.2.1
99 silly idealTree:prePrune ├─┬ serialport@4.0.1
99 silly idealTree:prePrune │ ├── commander@2.9.0
99 silly idealTree:prePrune │ └─┬ node-pre-gyp@0.6.29
99 silly idealTree:prePrune │   ├─┬ mkdirp@0.5.1
99 silly idealTree:prePrune │   │ └── minimist@0.0.8
99 silly idealTree:prePrune │   ├─┬ nopt@3.0.6
99 silly idealTree:prePrune │   │ └── abbrev@1.0.9
99 silly idealTree:prePrune │   ├─┬ npmlog@3.1.2
99 silly idealTree:prePrune │   │ ├─┬ are-we-there-yet@1.1.2
99 silly idealTree:prePrune │   │ │ ├── delegates@1.0.0
99 silly idealTree:prePrune │   │ │ └─┬ readable-stream@2.1.4
99 silly idealTree:prePrune │   │ │   ├── buffer-shims@1.0.0
99 silly idealTree:prePrune │   │ │   ├── core-util-is@1.0.2
99 silly idealTree:prePrune │   │ │   ├── inherits@2.0.1
99 silly idealTree:prePrune │   │ │   ├── isarray@1.0.0
99 silly idealTree:prePrune │   │ │   ├── process-nextick-args@1.0.7
99 silly idealTree:prePrune │   │ │   ├── string_decoder@0.10.31
99 silly idealTree:prePrune │   │ │   └── util-deprecate@1.0.2
99 silly idealTree:prePrune │   │ ├── console-control-strings@1.1.0
99 silly idealTree:prePrune │   │ ├─┬ gauge@2.6.0
99 silly idealTree:prePrune │   │ │ ├── aproba@1.0.4
99 silly idealTree:prePrune │   │ │ ├── has-color@0.1.7
99 silly idealTree:prePrune │   │ │ ├── has-unicode@2.0.1
99 silly idealTree:prePrune │   │ │ ├── object-assign@4.1.0
99 silly idealTree:prePrune │   │ │ ├── signal-exit@3.0.0
99 silly idealTree:prePrune │   │ │ ├─┬ string-width@1.0.1
99 silly idealTree:prePrune │   │ │ │ ├─┬ code-point-at@1.0.0
99 silly idealTree:prePrune │   │ │ │ │ └── number-is-nan@1.0.0
99 silly idealTree:prePrune │   │ │ │ └─┬ is-fullwidth-code-point@1.0.0
99 silly idealTree:prePrune │   │ │ │   └── number-is-nan@1.0.0
99 silly idealTree:prePrune │   │ │ ├─┬ strip-ansi@3.0.1
99 silly idealTree:prePrune │   │ │ │ └── ansi-regex@2.0.0
99 silly idealTree:prePrune │   │ │ └── wide-align@1.1.0
99 silly idealTree:prePrune │   │ └── set-blocking@2.0.0
99 silly idealTree:prePrune │   ├─┬ rc@1.1.6
99 silly idealTree:prePrune │   │ ├── deep-extend@0.4.1
99 silly idealTree:prePrune │   │ ├── ini@1.3.4
99 silly idealTree:prePrune │   │ ├── minimist@1.2.0
99 silly idealTree:prePrune │   │ └── strip-json-comments@1.0.4
99 silly idealTree:prePrune │   ├─┬ request@2.73.0
99 silly idealTree:prePrune │   │ ├── aws-sign2@0.6.0
99 silly idealTree:prePrune │   │ ├── aws4@1.4.1
99 silly idealTree:prePrune │   │ ├─┬ bl@1.1.2
99 silly idealTree:prePrune │   │ │ └─┬ readable-stream@2.0.6
99 silly idealTree:prePrune │   │ │   ├── core-util-is@1.0.2
99 silly idealTree:prePrune │   │ │   ├── inherits@2.0.1
99 silly idealTree:prePrune │   │ │   ├── isarray@1.0.0
99 silly idealTree:prePrune │   │ │   ├── process-nextick-args@1.0.7
99 silly idealTree:prePrune │   │ │   ├── string_decoder@0.10.31
99 silly idealTree:prePrune │   │ │   └── util-deprecate@1.0.2
99 silly idealTree:prePrune │   │ ├── caseless@0.11.0
99 silly idealTree:prePrune │   │ ├─┬ combined-stream@1.0.5
99 silly idealTree:prePrune │   │ │ └── delayed-stream@1.0.0
99 silly idealTree:prePrune │   │ ├── extend@3.0.0
99 silly idealTree:prePrune │   │ ├── forever-agent@0.6.1
99 silly idealTree:prePrune │   │ ├─┬ form-data@1.0.0-rc4
99 silly idealTree:prePrune │   │ │ └── async@1.5.2
99 silly idealTree:prePrune │   │ ├─┬ har-validator@2.0.6
99 silly idealTree:prePrune │   │ │ ├─┬ chalk@1.1.3
99 silly idealTree:prePrune │   │ │ │ ├── ansi-styles@2.2.1
99 silly idealTree:prePrune │   │ │ │ ├── escape-string-regexp@1.0.5
99 silly idealTree:prePrune │   │ │ │ ├─┬ has-ansi@2.0.0
99 silly idealTree:prePrune │   │ │ │ │ └── ansi-regex@2.0.0
99 silly idealTree:prePrune │   │ │ │ ├─┬ strip-ansi@3.0.1
99 silly idealTree:prePrune │   │ │ │ │ └── ansi-regex@2.0.0
99 silly idealTree:prePrune │   │ │ │ └── supports-color@2.0.0
99 silly idealTree:prePrune │   │ │ ├─┬ is-my-json-valid@2.13.1
99 silly idealTree:prePrune │   │ │ │ ├── generate-function@2.0.0
99 silly idealTree:prePrune │   │ │ │ ├─┬ generate-object-property@1.2.0
99 silly idealTree:prePrune │   │ │ │ │ └── is-property@1.0.2
99 silly idealTree:prePrune │   │ │ │ ├── jsonpointer@2.0.0
99 silly idealTree:prePrune │   │ │ │ └── xtend@4.0.1
99 silly idealTree:prePrune │   │ │ └─┬ pinkie-promise@2.0.1
99 silly idealTree:prePrune │   │ │   └── pinkie@2.0.4
99 silly idealTree:prePrune │   │ ├─┬ hawk@3.1.3
99 silly idealTree:prePrune │   │ │ ├── boom@2.10.1
99 silly idealTree:prePrune │   │ │ ├── cryptiles@2.0.5
99 silly idealTree:prePrune │   │ │ ├── hoek@2.16.3
99 silly idealTree:prePrune │   │ │ └── sntp@1.0.9
99 silly idealTree:prePrune │   │ ├─┬ http-signature@1.1.1
99 silly idealTree:prePrune │   │ │ ├── assert-plus@0.2.0
99 silly idealTree:prePrune │   │ │ ├─┬ jsprim@1.3.0
99 silly idealTree:prePrune │   │ │ │ ├── extsprintf@1.0.2
99 silly idealTree:prePrune │   │ │ │ ├── json-schema@0.2.2
99 silly idealTree:prePrune │   │ │ │ └── verror@1.3.6
99 silly idealTree:prePrune │   │ │ └─┬ sshpk@1.8.3
99 silly idealTree:prePrune │   │ │   ├── asn1@0.2.3
99 silly idealTree:prePrune │   │ │   ├── assert-plus@1.0.0
99 silly idealTree:prePrune │   │ │   ├── dashdash@1.14.0
99 silly idealTree:prePrune │   │ │   ├── ecc-jsbn@0.1.1
99 silly idealTree:prePrune │   │ │   ├── getpass@0.1.6
99 silly idealTree:prePrune │   │ │   ├── jodid25519@1.0.2
99 silly idealTree:prePrune │   │ │   ├── jsbn@0.1.0
99 silly idealTree:prePrune │   │ │   └── tweetnacl@0.13.3
99 silly idealTree:prePrune │   │ ├── is-typedarray@1.0.0
99 silly idealTree:prePrune │   │ ├── isstream@0.1.2
99 silly idealTree:prePrune │   │ ├── json-stringify-safe@5.0.1
99 silly idealTree:prePrune │   │ ├─┬ mime-types@2.1.11
99 silly idealTree:prePrune │   │ │ └── mime-db@1.23.0
99 silly idealTree:prePrune │   │ ├── node-uuid@1.4.7
99 silly idealTree:prePrune │   │ ├── oauth-sign@0.8.2
99 silly idealTree:prePrune │   │ ├── qs@6.2.0
99 silly idealTree:prePrune │   │ ├── stringstream@0.0.5
99 silly idealTree:prePrune │   │ ├── tough-cookie@2.2.2
99 silly idealTree:prePrune │   │ └── tunnel-agent@0.4.3
99 silly idealTree:prePrune │   ├─┬ rimraf@2.5.3
99 silly idealTree:prePrune │   │ └─┬ glob@7.0.5
99 silly idealTree:prePrune │   │   ├── fs.realpath@1.0.0
99 silly idealTree:prePrune │   │   ├─┬ inflight@1.0.5
99 silly idealTree:prePrune │   │   │ └── wrappy@1.0.2
99 silly idealTree:prePrune │   │   ├── inherits@2.0.1
99 silly idealTree:prePrune │   │   ├─┬ minimatch@3.0.2
99 silly idealTree:prePrune │   │   │ └─┬ brace-expansion@1.1.5
99 silly idealTree:prePrune │   │   │   ├── balanced-match@0.4.1
99 silly idealTree:prePrune │   │   │   └── concat-map@0.0.1
99 silly idealTree:prePrune │   │   ├─┬ once@1.3.3
99 silly idealTree:prePrune │   │   │ └── wrappy@1.0.2
99 silly idealTree:prePrune │   │   └── path-is-absolute@1.0.0
99 silly idealTree:prePrune │   ├── semver@5.2.0
99 silly idealTree:prePrune │   ├─┬ tar-pack@3.1.4
99 silly idealTree:prePrune │   │ ├─┬ fstream-ignore@1.0.5
99 silly idealTree:prePrune │   │ │ ├── inherits@2.0.1
99 silly idealTree:prePrune │   │ │ └─┬ minimatch@3.0.2
99 silly idealTree:prePrune │   │ │   └─┬ brace-expansion@1.1.5
99 silly idealTree:prePrune │   │ │     ├── balanced-match@0.4.1
99 silly idealTree:prePrune │   │ │     └── concat-map@0.0.1
99 silly idealTree:prePrune │   │ ├─┬ fstream@1.0.10
99 silly idealTree:prePrune │   │ │ ├── graceful-fs@4.1.4
99 silly idealTree:prePrune │   │ │ └── inherits@2.0.1
99 silly idealTree:prePrune │   │ ├─┬ once@1.3.3
99 silly idealTree:prePrune │   │ │ └── wrappy@1.0.2
99 silly idealTree:prePrune │   │ ├─┬ readable-stream@2.1.4
99 silly idealTree:prePrune │   │ │ ├── buffer-shims@1.0.0
99 silly idealTree:prePrune │   │ │ ├── core-util-is@1.0.2
99 silly idealTree:prePrune │   │ │ ├── inherits@2.0.1
99 silly idealTree:prePrune │   │ │ ├── isarray@1.0.0
99 silly idealTree:prePrune │   │ │ ├── process-nextick-args@1.0.7
99 silly idealTree:prePrune │   │ │ ├── string_decoder@0.10.31
99 silly idealTree:prePrune │   │ │ └── util-deprecate@1.0.2
99 silly idealTree:prePrune │   │ └── uid-number@0.0.6
99 silly idealTree:prePrune │   └─┬ tar@2.2.1
99 silly idealTree:prePrune │     ├── block-stream@0.0.9
99 silly idealTree:prePrune │     ├─┬ fstream@1.0.10
99 silly idealTree:prePrune │     │ └── graceful-fs@4.1.4
99 silly idealTree:prePrune │     └── inherits@2.0.1
99 silly idealTree:prePrune ├── serve-favicon@2.3.0
99 silly idealTree:prePrune ├─┬ serve-static@1.10.3
99 silly idealTree:prePrune │ ├── http-errors@1.3.1
99 silly idealTree:prePrune │ ├── send@0.13.2
99 silly idealTree:prePrune │ └── statuses@1.2.1
99 silly idealTree:prePrune ├── setprototypeof@1.0.1
99 silly idealTree:prePrune ├── sf@0.1.7
99 silly idealTree:prePrune ├── source-map@0.4.4
99 silly idealTree:prePrune ├── statuses@1.3.0
99 silly idealTree:prePrune ├── strip-ansi@3.0.1
99 silly idealTree:prePrune ├── supports-color@2.0.0
99 silly idealTree:prePrune ├── temporal@0.5.0
99 silly idealTree:prePrune ├─┬ transformers@2.1.0
99 silly idealTree:prePrune │ ├── is-promise@1.0.1
99 silly idealTree:prePrune │ ├── promise@2.0.0
99 silly idealTree:prePrune │ ├── source-map@0.1.43
99 silly idealTree:prePrune │ └── uglify-js@2.2.5
99 silly idealTree:prePrune ├── type-is@1.6.13
99 silly idealTree:prePrune ├─┬ uglify-js@2.7.3
99 silly idealTree:prePrune │ └── source-map@0.5.6
99 silly idealTree:prePrune ├── uglify-to-browserify@1.0.2
99 silly idealTree:prePrune ├── unpipe@1.0.0
99 silly idealTree:prePrune ├── utils-merge@1.0.0
99 silly idealTree:prePrune ├── vary@1.0.1
99 silly idealTree:prePrune ├── void-elements@2.0.1
99 silly idealTree:prePrune ├── window-size@0.1.0
99 silly idealTree:prePrune ├─┬ with@4.0.3
99 silly idealTree:prePrune │ └── acorn@1.2.2
99 silly idealTree:prePrune ├── wordwrap@0.0.3
99 silly idealTree:prePrune └── yargs@3.10.0
100 silly loadIdealTree Finishing
101 silly currentTree server@0.0.0
101 silly currentTree ├── accepts@1.2.13
101 silly currentTree ├── acorn-globals@1.0.9
101 silly currentTree ├── acorn@2.7.0
101 silly currentTree ├── align-text@0.1.4
101 silly currentTree ├── amdefine@1.0.0
101 silly currentTree ├── ansi-regex@2.0.0
101 silly currentTree ├── ansi-styles@2.2.1
101 silly currentTree ├── array-flatten@1.1.1
101 silly currentTree ├── asap@1.0.0
101 silly currentTree ├── async@0.2.10
101 silly currentTree ├── basic-auth@1.0.4
101 silly currentTree ├── bindings@1.2.1
101 silly currentTree ├── bluebird@3.4.6
101 silly currentTree ├── body-parser@1.15.2
101 silly currentTree ├── browser-serialport@2.0.3
101 silly currentTree ├── bytes@2.4.0
101 silly currentTree ├── camelcase@1.2.1
101 silly currentTree ├── center-align@0.1.3
101 silly currentTree ├── chalk@1.1.3
101 silly currentTree ├── character-parser@1.2.1
101 silly currentTree ├─┬ clean-css@3.4.20
101 silly currentTree │ └── commander@2.8.1
101 silly currentTree ├─┬ cliui@2.1.0
101 silly currentTree │ └── wordwrap@0.0.2
101 silly currentTree ├── color-convert@1.2.2
101 silly currentTree ├── commander@2.6.0
101 silly currentTree ├── constantinople@3.0.2
101 silly currentTree ├── content-disposition@0.5.1
101 silly currentTree ├── content-type@1.0.2
101 silly currentTree ├── cookie-parser@1.4.3
101 silly currentTree ├── cookie-signature@1.0.6
101 silly currentTree ├── cookie@0.3.1
101 silly currentTree ├── css-parse@1.0.4
101 silly currentTree ├── css-stringify@1.0.5
101 silly currentTree ├── css@1.0.8
101 silly currentTree ├── debug@2.2.0
101 silly currentTree ├── decamelize@1.2.0
101 silly currentTree ├── define-properties@1.1.2
101 silly currentTree ├── depd@1.1.0
101 silly currentTree ├── destroy@1.0.4
101 silly currentTree ├── ease-component@1.0.0
101 silly currentTree ├── ee-first@1.1.1
101 silly currentTree ├── es6-promise@3.3.1
101 silly currentTree ├── es6-shim@0.35.1
101 silly currentTree ├── escape-html@1.0.3
101 silly currentTree ├── escape-string-regexp@1.0.5
101 silly currentTree ├── etag@1.7.0
101 silly currentTree ├─┬ express@4.13.4
101 silly currentTree │ ├── cookie@0.1.5
101 silly currentTree │ └── qs@4.0.0
101 silly currentTree ├── finalhandler@0.4.1
101 silly currentTree ├─┬ firebase@3.4.1
101 silly currentTree │ ├── dom-storage@2.0.2
101 silly currentTree │ ├─┬ faye-websocket@0.9.3
101 silly currentTree │ │ └─┬ websocket-driver@0.6.4
101 silly currentTree │ │   └── websocket-extensions@0.1.1
101 silly currentTree │ ├─┬ jsonwebtoken@5.7.0
101 silly currentTree │ │ ├─┬ jws@3.1.3
101 silly currentTree │ │ │ ├─┬ base64url@1.0.6
101 silly currentTree │ │ │ │ ├─┬ concat-stream@1.4.10
101 silly currentTree │ │ │ │ │ ├── inherits@2.0.1
101 silly currentTree │ │ │ │ │ ├─┬ readable-stream@1.1.14
101 silly currentTree │ │ │ │ │ │ ├── core-util-is@1.0.2
101 silly currentTree │ │ │ │ │ │ ├── isarray@0.0.1
101 silly currentTree │ │ │ │ │ │ └── string_decoder@0.10.31
101 silly currentTree │ │ │ │ │ └── typedarray@0.0.6
101 silly currentTree │ │ │ │ └─┬ meow@2.0.0
101 silly currentTree │ │ │ │   ├─┬ camelcase-keys@1.0.0
101 silly currentTree │ │ │ │   │ ├── camelcase@1.2.1
101 silly currentTree │ │ │ │   │ └── map-obj@1.0.1
101 silly currentTree │ │ │ │   ├─┬ indent-string@1.2.2
101 silly currentTree │ │ │ │   │ ├── get-stdin@4.0.1
101 silly currentTree │ │ │ │   │ └─┬ repeating@1.1.3
101 silly currentTree │ │ │ │   │   └─┬ is-finite@1.0.1
101 silly currentTree │ │ │ │   │     └── number-is-nan@1.0.0
101 silly currentTree │ │ │ │   ├── minimist@1.2.0
101 silly currentTree │ │ │ │   └── object-assign@1.0.0
101 silly currentTree │ │ │ └─┬ jwa@1.1.3
101 silly currentTree │ │ │   ├── buffer-equal-constant-time@1.0.1
101 silly currentTree │ │ │   └─┬ ecdsa-sig-formatter@1.0.5
101 silly currentTree │ │ │     └── base64-url@1.2.2
101 silly currentTree │ │ ├── ms@0.7.1
101 silly currentTree │ │ └── xtend@4.0.1
101 silly currentTree │ ├── rsvp@3.2.1
101 silly currentTree │ └── xmlhttprequest@1.8.0
101 silly currentTree ├── firmata@0.14.1
101 silly currentTree ├── foreach@2.0.5
101 silly currentTree ├── forwarded@0.1.0
101 silly currentTree ├── fresh@0.3.0
101 silly currentTree ├── function-bind@1.1.0
101 silly currentTree ├── graceful-readlink@1.0.1
101 silly currentTree ├── has-ansi@2.0.0
101 silly currentTree ├── http-errors@1.5.0
101 silly currentTree ├── i2c-bus@1.1.1
101 silly currentTree ├── iconv-lite@0.4.13
101 silly currentTree ├── inherits@2.0.1
101 silly currentTree ├── ini-builder@1.0.3
101 silly currentTree ├── ipaddr.js@1.0.5
101 silly currentTree ├── is-buffer@1.1.4
101 silly currentTree ├── is-promise@2.1.0
101 silly currentTree ├── jade@1.11.0
101 silly currentTree ├── johnny-five@0.10.1
101 silly currentTree ├── jstransformer@0.0.2
101 silly currentTree ├── kind-of@3.0.4
101 silly currentTree ├── lazy-cache@1.0.4
101 silly currentTree ├── lodash.clonedeep@4.5.0
101 silly currentTree ├── lodash.debounce@4.0.8
101 silly currentTree ├── longest@1.0.1
101 silly currentTree ├── media-typer@0.3.0
101 silly currentTree ├── merge-descriptors@1.0.1
101 silly currentTree ├── methods@1.1.2
101 silly currentTree ├── mime-db@1.24.0
101 silly currentTree ├── mime-types@2.1.12
101 silly currentTree ├── mime@1.3.4
101 silly currentTree ├── minimist@0.0.8
101 silly currentTree ├── mkdirp@0.5.1
101 silly currentTree ├── morgan@1.7.0
101 silly currentTree ├── ms@0.7.1
101 silly currentTree ├── nan@2.4.0
101 silly currentTree ├── nanotimer@0.3.10
101 silly currentTree ├── negotiator@0.5.3
101 silly currentTree ├── object-keys@1.0.11
101 silly currentTree ├── object.assign@4.0.4
101 silly currentTree ├── on-finished@2.3.0
101 silly currentTree ├── on-headers@1.0.1
101 silly currentTree ├── optimist@0.3.7
101 silly currentTree ├── parseurl@1.3.1
101 silly currentTree ├── path-to-regexp@0.1.7
101 silly currentTree ├── promise@6.1.0
101 silly currentTree ├── proxy-addr@1.0.10
101 silly currentTree ├── qs@6.2.0
101 silly currentTree ├── range-parser@1.0.3
101 silly currentTree ├── raspi-board@3.2.0
101 silly currentTree ├── raspi-i2c@3.1.0
101 silly currentTree ├── raspi-led@1.5.0
101 silly currentTree ├── raspi-peripheral@1.6.0
101 silly currentTree ├── raspi-pwm@3.1.0
101 silly currentTree ├─┬ raspi-serial@1.5.0
101 silly currentTree │ ├── nan@2.2.1
101 silly currentTree │ ├── optimist@0.6.1
101 silly currentTree │ └─┬ serialport@2.1.2
101 silly currentTree │   ├── abbrev@1.0.7
101 silly currentTree │   ├── acorn@1.2.2
101 silly currentTree │   ├── ansi-regex@2.0.0
101 silly currentTree │   ├── ansi-styles@2.2.1
101 silly currentTree │   ├── ansi@0.3.1
101 silly currentTree │   ├── are-we-there-yet@1.1.2
101 silly currentTree │   ├── asn1@0.2.3
101 silly currentTree │   ├── assert-plus@0.2.0
101 silly currentTree │   ├── ast-types@0.8.16
101 silly currentTree │   ├── async@1.5.2
101 silly currentTree │   ├── aws-sign2@0.6.0
101 silly currentTree │   ├── aws4@1.3.2
101 silly currentTree │   ├── balanced-match@0.3.0
101 silly currentTree │   ├─┬ bl@1.1.2
101 silly currentTree │   │ └── readable-stream@2.0.6
101 silly currentTree │   ├── block-stream@0.0.8
101 silly currentTree │   ├── boom@2.10.1
101 silly currentTree │   ├── brace-expansion@1.1.3
101 silly currentTree │   ├── caseless@0.11.0
101 silly currentTree │   ├── chalk@1.1.3
101 silly currentTree │   ├── combined-stream@1.0.5
101 silly currentTree │   ├── commander@2.9.0
101 silly currentTree │   ├── concat-map@0.0.1
101 silly currentTree │   ├── core-util-is@1.0.2
101 silly currentTree │   ├── cryptiles@2.0.5
101 silly currentTree │   ├─┬ dashdash@1.13.1
101 silly currentTree │   │ └── assert-plus@1.0.0
101 silly currentTree │   ├── debug@2.2.0
101 silly currentTree │   ├── deep-extend@0.4.1
101 silly currentTree │   ├── delayed-stream@1.0.0
101 silly currentTree │   ├── delegates@1.0.0
101 silly currentTree │   ├─┬ ecc-jsbn@0.0.1
101 silly currentTree │   │ └── jsbn@0.0.0
101 silly currentTree │   ├── escape-string-regexp@1.0.5
101 silly currentTree │   ├── esmangle-evaluator@1.0.0
101 silly currentTree │   ├── esprima@2.7.2
101 silly currentTree │   ├── extend@3.0.0
101 silly currentTree │   ├── extsprintf@1.0.2
101 silly currentTree │   ├─┬ falafel@1.2.0
101 silly currentTree │   │ └── isarray@0.0.1
101 silly currentTree │   ├── foreach@2.0.5
101 silly currentTree │   ├── forever-agent@0.6.1
101 silly currentTree │   ├── form-data@1.0.0-rc4
101 silly currentTree │   ├── fstream-ignore@1.0.3
101 silly currentTree │   ├── fstream@1.0.8
101 silly currentTree │   ├── gauge@1.2.7
101 silly currentTree │   ├── generate-function@2.0.0
101 silly currentTree │   ├── generate-object-property@1.2.0
101 silly currentTree │   ├─┬ getpass@0.1.5
101 silly currentTree │   │ └── assert-plus@1.0.0
101 silly currentTree │   ├── github@0.2.4
101 silly currentTree │   ├── glob@7.0.3
101 silly currentTree │   ├── graceful-fs@4.1.3
101 silly currentTree │   ├── graceful-readlink@1.0.1
101 silly currentTree │   ├── har-validator@2.0.6
101 silly currentTree │   ├── has-ansi@2.0.0
101 silly currentTree │   ├── has-unicode@2.0.0
101 silly currentTree │   ├── hawk@3.1.3
101 silly currentTree │   ├── hoek@2.16.3
101 silly currentTree │   ├── http-signature@1.1.1
101 silly currentTree │   ├── inflight@1.0.4
101 silly currentTree │   ├── inherits@2.0.1
101 silly currentTree │   ├── ini@1.3.4
101 silly currentTree │   ├── inline-process-browser@2.0.1
101 silly currentTree │   ├── is-my-json-valid@2.13.1
101 silly currentTree │   ├── is-property@1.0.2
101 silly currentTree │   ├── is-typedarray@1.0.0
101 silly currentTree │   ├── isarray@1.0.0
101 silly currentTree │   ├── isstream@0.1.2
101 silly currentTree │   ├── jodid25519@1.0.2
101 silly currentTree │   ├── jsbn@0.1.0
101 silly currentTree │   ├── json-schema@0.2.2
101 silly currentTree │   ├── json-stringify-safe@5.0.1
101 silly currentTree │   ├── jsonpointer@2.0.0
101 silly currentTree │   ├── jsprim@1.2.2
101 silly currentTree │   ├── lodash._baseslice@4.0.0
101 silly currentTree │   ├── lodash.pad@4.3.0
101 silly currentTree │   ├── lodash.padend@4.4.0
101 silly currentTree │   ├── lodash.padstart@4.4.0
101 silly currentTree │   ├── lodash.tostring@4.1.2
101 silly currentTree │   ├── lru-cache@4.0.1
101 silly currentTree │   ├── mime-db@1.22.0
101 silly currentTree │   ├── mime-types@2.1.10
101 silly currentTree │   ├── mime@1.3.4
101 silly currentTree │   ├── minimatch@3.0.0
101 silly currentTree │   ├── minimist@0.0.8
101 silly currentTree │   ├── mkdirp@0.5.1
101 silly currentTree │   ├── ms@0.7.1
101 silly currentTree │   ├── node-pre-gyp-github@1.1.2
101 silly currentTree │   ├── node-pre-gyp@0.6.26
101 silly currentTree │   ├── node-uuid@1.4.7
101 silly currentTree │   ├── nopt@3.0.6
101 silly currentTree │   ├── npmlog@2.0.3
101 silly currentTree │   ├── oauth-sign@0.8.1
101 silly currentTree │   ├── object-keys@1.0.9
101 silly currentTree │   ├── once@1.3.3
101 silly currentTree │   ├── path-is-absolute@1.0.0
101 silly currentTree │   ├── pinkie-promise@2.0.1
101 silly currentTree │   ├── pinkie@2.0.4
101 silly currentTree │   ├── private@0.1.6
101 silly currentTree │   ├── process-nextick-args@1.0.6
101 silly currentTree │   ├── pseudomap@1.0.2
101 silly currentTree │   ├── qs@6.1.0
101 silly currentTree │   ├─┬ rc@1.1.6
101 silly currentTree │   │ └── minimist@1.2.0
101 silly currentTree │   ├── readable-stream@2.1.0
101 silly currentTree │   ├── recast@0.11.5
101 silly currentTree │   ├── request@2.72.0
101 silly currentTree │   ├── rimraf@2.5.2
101 silly currentTree │   ├── semver@5.1.0
101 silly currentTree │   ├── sntp@1.0.9
101 silly currentTree │   ├── source-map@0.5.4
101 silly currentTree │   ├─┬ sshpk@1.8.1
101 silly currentTree │   │ └── assert-plus@1.0.0
101 silly currentTree │   ├── string_decoder@0.10.31
101 silly currentTree │   ├── stringstream@0.0.5
101 silly currentTree │   ├── strip-ansi@3.0.1
101 silly currentTree │   ├── strip-json-comments@1.0.4
101 silly currentTree │   ├── supports-color@2.0.0
101 silly currentTree │   ├─┬ tar-pack@3.1.3
101 silly currentTree │   │ └── readable-stream@2.0.6
101 silly currentTree │   ├── tar@2.2.1
101 silly currentTree │   ├─┬ through2@0.6.5
101 silly currentTree │   │ ├── isarray@0.0.1
101 silly currentTree │   │ └── readable-stream@1.0.34
101 silly currentTree │   ├── tough-cookie@2.2.2
101 silly currentTree │   ├── tunnel-agent@0.4.2
101 silly currentTree │   ├── tweetnacl@0.13.3
101 silly currentTree │   ├── uid-number@0.0.6
101 silly currentTree │   ├── unreachable-branch-transform@0.5.1
101 silly currentTree │   ├── util-deprecate@1.0.2
101 silly currentTree │   ├── verror@1.3.6
101 silly currentTree │   ├── wrappy@1.0.1
101 silly currentTree │   ├── xtend@4.0.1
101 silly currentTree │   └── yallist@2.0.0
101 silly currentTree ├── raspi-wiringpi@1.0.6
101 silly currentTree ├── raspi@2.1.0
101 silly currentTree ├── raw-body@2.1.7
101 silly currentTree ├── repeat-string@1.5.4
101 silly currentTree ├── right-align@0.1.3
101 silly currentTree ├─┬ send@0.13.1
101 silly currentTree │ ├── http-errors@1.3.1
101 silly currentTree │ └── statuses@1.2.1
101 silly currentTree ├─┬ serialport@4.0.1
101 silly currentTree │ ├── commander@2.9.0
101 silly currentTree │ └─┬ node-pre-gyp@0.6.29
101 silly currentTree │   ├─┬ mkdirp@0.5.1
101 silly currentTree │   │ └── minimist@0.0.8
101 silly currentTree │   ├─┬ nopt@3.0.6
101 silly currentTree │   │ └── abbrev@1.0.9
101 silly currentTree │   ├─┬ npmlog@3.1.2
101 silly currentTree │   │ ├─┬ are-we-there-yet@1.1.2
101 silly currentTree │   │ │ ├── delegates@1.0.0
101 silly currentTree │   │ │ └─┬ readable-stream@2.1.4
101 silly currentTree │   │ │   ├── buffer-shims@1.0.0
101 silly currentTree │   │ │   ├── core-util-is@1.0.2
101 silly currentTree │   │ │   ├── inherits@2.0.1
101 silly currentTree │   │ │   ├── isarray@1.0.0
101 silly currentTree │   │ │   ├── process-nextick-args@1.0.7
101 silly currentTree │   │ │   ├── string_decoder@0.10.31
101 silly currentTree │   │ │   └── util-deprecate@1.0.2
101 silly currentTree │   │ ├── console-control-strings@1.1.0
101 silly currentTree │   │ ├─┬ gauge@2.6.0
101 silly currentTree │   │ │ ├── aproba@1.0.4
101 silly currentTree │   │ │ ├── has-color@0.1.7
101 silly currentTree │   │ │ ├── has-unicode@2.0.1
101 silly currentTree │   │ │ ├── object-assign@4.1.0
101 silly currentTree │   │ │ ├── signal-exit@3.0.0
101 silly currentTree │   │ │ ├─┬ string-width@1.0.1
101 silly currentTree │   │ │ │ ├─┬ code-point-at@1.0.0
101 silly currentTree │   │ │ │ │ └── number-is-nan@1.0.0
101 silly currentTree │   │ │ │ └─┬ is-fullwidth-code-point@1.0.0
101 silly currentTree │   │ │ │   └── number-is-nan@1.0.0
101 silly currentTree │   │ │ ├─┬ strip-ansi@3.0.1
101 silly currentTree │   │ │ │ └── ansi-regex@2.0.0
101 silly currentTree │   │ │ └── wide-align@1.1.0
101 silly currentTree │   │ └── set-blocking@2.0.0
101 silly currentTree │   ├─┬ rc@1.1.6
101 silly currentTree │   │ ├── deep-extend@0.4.1
101 silly currentTree │   │ ├── ini@1.3.4
101 silly currentTree │   │ ├── minimist@1.2.0
101 silly currentTree │   │ └── strip-json-comments@1.0.4
101 silly currentTree │   ├─┬ request@2.73.0
101 silly currentTree │   │ ├── aws-sign2@0.6.0
101 silly currentTree │   │ ├── aws4@1.4.1
101 silly currentTree │   │ ├─┬ bl@1.1.2
101 silly currentTree │   │ │ └─┬ readable-stream@2.0.6
101 silly currentTree │   │ │   ├── core-util-is@1.0.2
101 silly currentTree │   │ │   ├── inherits@2.0.1
101 silly currentTree │   │ │   ├── isarray@1.0.0
101 silly currentTree │   │ │   ├── process-nextick-args@1.0.7
101 silly currentTree │   │ │   ├── string_decoder@0.10.31
101 silly currentTree │   │ │   └── util-deprecate@1.0.2
101 silly currentTree │   │ ├── caseless@0.11.0
101 silly currentTree │   │ ├─┬ combined-stream@1.0.5
101 silly currentTree │   │ │ └── delayed-stream@1.0.0
101 silly currentTree │   │ ├── extend@3.0.0
101 silly currentTree │   │ ├── forever-agent@0.6.1
101 silly currentTree │   │ ├─┬ form-data@1.0.0-rc4
101 silly currentTree │   │ │ └── async@1.5.2
101 silly currentTree │   │ ├─┬ har-validator@2.0.6
101 silly currentTree │   │ │ ├─┬ chalk@1.1.3
101 silly currentTree │   │ │ │ ├── ansi-styles@2.2.1
101 silly currentTree │   │ │ │ ├── escape-string-regexp@1.0.5
101 silly currentTree │   │ │ │ ├─┬ has-ansi@2.0.0
101 silly currentTree │   │ │ │ │ └── ansi-regex@2.0.0
101 silly currentTree │   │ │ │ ├─┬ strip-ansi@3.0.1
101 silly currentTree │   │ │ │ │ └── ansi-regex@2.0.0
101 silly currentTree │   │ │ │ └── supports-color@2.0.0
101 silly currentTree │   │ │ ├─┬ is-my-json-valid@2.13.1
101 silly currentTree │   │ │ │ ├── generate-function@2.0.0
101 silly currentTree │   │ │ │ ├─┬ generate-object-property@1.2.0
101 silly currentTree │   │ │ │ │ └── is-property@1.0.2
101 silly currentTree │   │ │ │ ├── jsonpointer@2.0.0
101 silly currentTree │   │ │ │ └── xtend@4.0.1
101 silly currentTree │   │ │ └─┬ pinkie-promise@2.0.1
101 silly currentTree │   │ │   └── pinkie@2.0.4
101 silly currentTree │   │ ├─┬ hawk@3.1.3
101 silly currentTree │   │ │ ├── boom@2.10.1
101 silly currentTree │   │ │ ├── cryptiles@2.0.5
101 silly currentTree │   │ │ ├── hoek@2.16.3
101 silly currentTree │   │ │ └── sntp@1.0.9
101 silly currentTree │   │ ├─┬ http-signature@1.1.1
101 silly currentTree │   │ │ ├── assert-plus@0.2.0
101 silly currentTree │   │ │ ├─┬ jsprim@1.3.0
101 silly currentTree │   │ │ │ ├── extsprintf@1.0.2
101 silly currentTree │   │ │ │ ├── json-schema@0.2.2
101 silly currentTree │   │ │ │ └── verror@1.3.6
101 silly currentTree │   │ │ └─┬ sshpk@1.8.3
101 silly currentTree │   │ │   ├── asn1@0.2.3
101 silly currentTree │   │ │   ├── assert-plus@1.0.0
101 silly currentTree │   │ │   ├── dashdash@1.14.0
101 silly currentTree │   │ │   ├── ecc-jsbn@0.1.1
101 silly currentTree │   │ │   ├── getpass@0.1.6
101 silly currentTree │   │ │   ├── jodid25519@1.0.2
101 silly currentTree │   │ │   ├── jsbn@0.1.0
101 silly currentTree │   │ │   └── tweetnacl@0.13.3
101 silly currentTree │   │ ├── is-typedarray@1.0.0
101 silly currentTree │   │ ├── isstream@0.1.2
101 silly currentTree │   │ ├── json-stringify-safe@5.0.1
101 silly currentTree │   │ ├─┬ mime-types@2.1.11
101 silly currentTree │   │ │ └── mime-db@1.23.0
101 silly currentTree │   │ ├── node-uuid@1.4.7
101 silly currentTree │   │ ├── oauth-sign@0.8.2
101 silly currentTree │   │ ├── qs@6.2.0
101 silly currentTree │   │ ├── stringstream@0.0.5
101 silly currentTree │   │ ├── tough-cookie@2.2.2
101 silly currentTree │   │ └── tunnel-agent@0.4.3
101 silly currentTree │   ├─┬ rimraf@2.5.3
101 silly currentTree │   │ └─┬ glob@7.0.5
101 silly currentTree │   │   ├── fs.realpath@1.0.0
101 silly currentTree │   │   ├─┬ inflight@1.0.5
101 silly currentTree │   │   │ └── wrappy@1.0.2
101 silly currentTree │   │   ├── inherits@2.0.1
101 silly currentTree │   │   ├─┬ minimatch@3.0.2
101 silly currentTree │   │   │ └─┬ brace-expansion@1.1.5
101 silly currentTree │   │   │   ├── balanced-match@0.4.1
101 silly currentTree │   │   │   └── concat-map@0.0.1
101 silly currentTree │   │   ├─┬ once@1.3.3
101 silly currentTree │   │   │ └── wrappy@1.0.2
101 silly currentTree │   │   └── path-is-absolute@1.0.0
101 silly currentTree │   ├── semver@5.2.0
101 silly currentTree │   ├─┬ tar-pack@3.1.4
101 silly currentTree │   │ ├─┬ fstream-ignore@1.0.5
101 silly currentTree │   │ │ ├── inherits@2.0.1
101 silly currentTree │   │ │ └─┬ minimatch@3.0.2
101 silly currentTree │   │ │   └─┬ brace-expansion@1.1.5
101 silly currentTree │   │ │     ├── balanced-match@0.4.1
101 silly currentTree │   │ │     └── concat-map@0.0.1
101 silly currentTree │   │ ├─┬ fstream@1.0.10
101 silly currentTree │   │ │ ├── graceful-fs@4.1.4
101 silly currentTree │   │ │ └── inherits@2.0.1
101 silly currentTree │   │ ├─┬ once@1.3.3
101 silly currentTree │   │ │ └── wrappy@1.0.2
101 silly currentTree │   │ ├─┬ readable-stream@2.1.4
101 silly currentTree │   │ │ ├── buffer-shims@1.0.0
101 silly currentTree │   │ │ ├── core-util-is@1.0.2
101 silly currentTree │   │ │ ├── inherits@2.0.1
101 silly currentTree │   │ │ ├── isarray@1.0.0
101 silly currentTree │   │ │ ├── process-nextick-args@1.0.7
101 silly currentTree │   │ │ ├── string_decoder@0.10.31
101 silly currentTree │   │ │ └── util-deprecate@1.0.2
101 silly currentTree │   │ └── uid-number@0.0.6
101 silly currentTree │   └─┬ tar@2.2.1
101 silly currentTree │     ├── block-stream@0.0.9
101 silly currentTree │     ├─┬ fstream@1.0.10
101 silly currentTree │     │ └── graceful-fs@4.1.4
101 silly currentTree │     └── inherits@2.0.1
101 silly currentTree ├── serve-favicon@2.3.0
101 silly currentTree ├─┬ serve-static@1.10.3
101 silly currentTree │ ├── http-errors@1.3.1
101 silly currentTree │ ├── send@0.13.2
101 silly currentTree │ └── statuses@1.2.1
101 silly currentTree ├── setprototypeof@1.0.1
101 silly currentTree ├── sf@0.1.7
101 silly currentTree ├── source-map@0.4.4
101 silly currentTree ├── statuses@1.3.0
101 silly currentTree ├── strip-ansi@3.0.1
101 silly currentTree ├── supports-color@2.0.0
101 silly currentTree ├── temporal@0.5.0
101 silly currentTree ├─┬ transformers@2.1.0
101 silly currentTree │ ├── is-promise@1.0.1
101 silly currentTree │ ├── promise@2.0.0
101 silly currentTree │ ├── source-map@0.1.43
101 silly currentTree │ └── uglify-js@2.2.5
101 silly currentTree ├── type-is@1.6.13
101 silly currentTree ├─┬ uglify-js@2.7.3
101 silly currentTree │ └── source-map@0.5.6
101 silly currentTree ├── uglify-to-browserify@1.0.2
101 silly currentTree ├── unpipe@1.0.0
101 silly currentTree ├── utils-merge@1.0.0
101 silly currentTree ├── vary@1.0.1
101 silly currentTree ├── void-elements@2.0.1
101 silly currentTree ├── window-size@0.1.0
101 silly currentTree ├─┬ with@4.0.3
101 silly currentTree │ └── acorn@1.2.2
101 silly currentTree ├── wordwrap@0.0.3
101 silly currentTree └── yargs@3.10.0
102 silly idealTree server@0.0.0
102 silly idealTree ├── accepts@1.2.13
102 silly idealTree ├── acorn-globals@1.0.9
102 silly idealTree ├── acorn@2.7.0
102 silly idealTree ├── align-text@0.1.4
102 silly idealTree ├── amdefine@1.0.0
102 silly idealTree ├── ansi-regex@2.0.0
102 silly idealTree ├── ansi-styles@2.2.1
102 silly idealTree ├── array-flatten@1.1.1
102 silly idealTree ├── asap@1.0.0
102 silly idealTree ├── async@0.2.10
102 silly idealTree ├── basic-auth@1.0.4
102 silly idealTree ├── bindings@1.2.1
102 silly idealTree ├── bluebird@3.4.6
102 silly idealTree ├── body-parser@1.15.2
102 silly idealTree ├── browser-serialport@2.0.3
102 silly idealTree ├── bytes@2.4.0
102 silly idealTree ├── camelcase@1.2.1
102 silly idealTree ├── center-align@0.1.3
102 silly idealTree ├── chalk@1.1.3
102 silly idealTree ├── character-parser@1.2.1
102 silly idealTree ├─┬ clean-css@3.4.20
102 silly idealTree │ └── commander@2.8.1
102 silly idealTree ├─┬ cliui@2.1.0
102 silly idealTree │ └── wordwrap@0.0.2
102 silly idealTree ├── color-convert@1.2.2
102 silly idealTree ├── commander@2.6.0
102 silly idealTree ├── constantinople@3.0.2
102 silly idealTree ├── content-disposition@0.5.1
102 silly idealTree ├── content-type@1.0.2
102 silly idealTree ├── cookie-parser@1.4.3
102 silly idealTree ├── cookie-signature@1.0.6
102 silly idealTree ├── cookie@0.3.1
102 silly idealTree ├── css-parse@1.0.4
102 silly idealTree ├── css-stringify@1.0.5
102 silly idealTree ├── css@1.0.8
102 silly idealTree ├── debug@2.2.0
102 silly idealTree ├── decamelize@1.2.0
102 silly idealTree ├── define-properties@1.1.2
102 silly idealTree ├── depd@1.1.0
102 silly idealTree ├── destroy@1.0.4
102 silly idealTree ├── ease-component@1.0.0
102 silly idealTree ├── ee-first@1.1.1
102 silly idealTree ├── es6-promise@3.3.1
102 silly idealTree ├── es6-shim@0.35.1
102 silly idealTree ├── escape-html@1.0.3
102 silly idealTree ├── escape-string-regexp@1.0.5
102 silly idealTree ├── etag@1.7.0
102 silly idealTree ├─┬ express@4.13.4
102 silly idealTree │ ├── cookie@0.1.5
102 silly idealTree │ └── qs@4.0.0
102 silly idealTree ├── finalhandler@0.4.1
102 silly idealTree ├─┬ firebase@3.4.1
102 silly idealTree │ ├── dom-storage@2.0.2
102 silly idealTree │ ├─┬ faye-websocket@0.9.3
102 silly idealTree │ │ └─┬ websocket-driver@0.6.4
102 silly idealTree │ │   └── websocket-extensions@0.1.1
102 silly idealTree │ ├─┬ jsonwebtoken@5.7.0
102 silly idealTree │ │ ├─┬ jws@3.1.3
102 silly idealTree │ │ │ ├─┬ base64url@1.0.6
102 silly idealTree │ │ │ │ ├─┬ concat-stream@1.4.10
102 silly idealTree │ │ │ │ │ ├── inherits@2.0.1
102 silly idealTree │ │ │ │ │ ├─┬ readable-stream@1.1.14
102 silly idealTree │ │ │ │ │ │ ├── core-util-is@1.0.2
102 silly idealTree │ │ │ │ │ │ ├── isarray@0.0.1
102 silly idealTree │ │ │ │ │ │ └── string_decoder@0.10.31
102 silly idealTree │ │ │ │ │ └── typedarray@0.0.6
102 silly idealTree │ │ │ │ └─┬ meow@2.0.0
102 silly idealTree │ │ │ │   ├─┬ camelcase-keys@1.0.0
102 silly idealTree │ │ │ │   │ ├── camelcase@1.2.1
102 silly idealTree │ │ │ │   │ └── map-obj@1.0.1
102 silly idealTree │ │ │ │   ├─┬ indent-string@1.2.2
102 silly idealTree │ │ │ │   │ ├── get-stdin@4.0.1
102 silly idealTree │ │ │ │   │ └─┬ repeating@1.1.3
102 silly idealTree │ │ │ │   │   └─┬ is-finite@1.0.1
102 silly idealTree │ │ │ │   │     └── number-is-nan@1.0.0
102 silly idealTree │ │ │ │   ├── minimist@1.2.0
102 silly idealTree │ │ │ │   └── object-assign@1.0.0
102 silly idealTree │ │ │ └─┬ jwa@1.1.3
102 silly idealTree │ │ │   ├── buffer-equal-constant-time@1.0.1
102 silly idealTree │ │ │   └─┬ ecdsa-sig-formatter@1.0.5
102 silly idealTree │ │ │     └── base64-url@1.2.2
102 silly idealTree │ │ ├── ms@0.7.1
102 silly idealTree │ │ └── xtend@4.0.1
102 silly idealTree │ ├── rsvp@3.2.1
102 silly idealTree │ └── xmlhttprequest@1.8.0
102 silly idealTree ├── firmata@0.14.1
102 silly idealTree ├── foreach@2.0.5
102 silly idealTree ├── forwarded@0.1.0
102 silly idealTree ├── fresh@0.3.0
102 silly idealTree ├── function-bind@1.1.0
102 silly idealTree ├── graceful-readlink@1.0.1
102 silly idealTree ├── has-ansi@2.0.0
102 silly idealTree ├── http-errors@1.5.0
102 silly idealTree ├── i2c-bus@1.1.1
102 silly idealTree ├── iconv-lite@0.4.13
102 silly idealTree ├── inherits@2.0.1
102 silly idealTree ├── ini-builder@1.0.3
102 silly idealTree ├── ipaddr.js@1.0.5
102 silly idealTree ├── is-buffer@1.1.4
102 silly idealTree ├── is-promise@2.1.0
102 silly idealTree ├── jade@1.11.0
102 silly idealTree ├── johnny-five@0.10.1
102 silly idealTree ├── jstransformer@0.0.2
102 silly idealTree ├── kind-of@3.0.4
102 silly idealTree ├── lazy-cache@1.0.4
102 silly idealTree ├── lodash.clonedeep@4.5.0
102 silly idealTree ├── lodash.debounce@4.0.8
102 silly idealTree ├── longest@1.0.1
102 silly idealTree ├── media-typer@0.3.0
102 silly idealTree ├── merge-descriptors@1.0.1
102 silly idealTree ├── methods@1.1.2
102 silly idealTree ├── mime-db@1.24.0
102 silly idealTree ├── mime-types@2.1.12
102 silly idealTree ├── mime@1.3.4
102 silly idealTree ├── minimist@0.0.8
102 silly idealTree ├── mkdirp@0.5.1
102 silly idealTree ├── morgan@1.7.0
102 silly idealTree ├── ms@0.7.1
102 silly idealTree ├── nan@2.4.0
102 silly idealTree ├── nanotimer@0.3.10
102 silly idealTree ├── negotiator@0.5.3
102 silly idealTree ├── object-keys@1.0.11
102 silly idealTree ├── object.assign@4.0.4
102 silly idealTree ├── on-finished@2.3.0
102 silly idealTree ├── on-headers@1.0.1
102 silly idealTree ├── optimist@0.3.7
102 silly idealTree ├── parseurl@1.3.1
102 silly idealTree ├── path-to-regexp@0.1.7
102 silly idealTree ├── promise@6.1.0
102 silly idealTree ├── proxy-addr@1.0.10
102 silly idealTree ├── qs@6.2.0
102 silly idealTree ├── range-parser@1.0.3
102 silly idealTree ├── raspi-board@3.2.0
102 silly idealTree ├── raspi-gpio@2.3.0
102 silly idealTree ├── raspi-i2c@3.1.0
102 silly idealTree ├── raspi-io@6.1.0
102 silly idealTree ├── raspi-led@1.5.0
102 silly idealTree ├── raspi-peripheral@1.6.0
102 silly idealTree ├── raspi-pwm@3.1.0
102 silly idealTree ├─┬ raspi-serial@1.5.0
102 silly idealTree │ ├── nan@2.2.1
102 silly idealTree │ ├── optimist@0.6.1
102 silly idealTree │ └─┬ serialport@2.1.2
102 silly idealTree │   ├── abbrev@1.0.7
102 silly idealTree │   ├── acorn@1.2.2
102 silly idealTree │   ├── ansi-regex@2.0.0
102 silly idealTree │   ├── ansi-styles@2.2.1
102 silly idealTree │   ├── ansi@0.3.1
102 silly idealTree │   ├── are-we-there-yet@1.1.2
102 silly idealTree │   ├── asn1@0.2.3
102 silly idealTree │   ├── assert-plus@0.2.0
102 silly idealTree │   ├── ast-types@0.8.16
102 silly idealTree │   ├── async@1.5.2
102 silly idealTree │   ├── aws-sign2@0.6.0
102 silly idealTree │   ├── aws4@1.3.2
102 silly idealTree │   ├── balanced-match@0.3.0
102 silly idealTree │   ├─┬ bl@1.1.2
102 silly idealTree │   │ └── readable-stream@2.0.6
102 silly idealTree │   ├── block-stream@0.0.8
102 silly idealTree │   ├── boom@2.10.1
102 silly idealTree │   ├── brace-expansion@1.1.3
102 silly idealTree │   ├── caseless@0.11.0
102 silly idealTree │   ├── chalk@1.1.3
102 silly idealTree │   ├── combined-stream@1.0.5
102 silly idealTree │   ├── commander@2.9.0
102 silly idealTree │   ├── concat-map@0.0.1
102 silly idealTree │   ├── core-util-is@1.0.2
102 silly idealTree │   ├── cryptiles@2.0.5
102 silly idealTree │   ├─┬ dashdash@1.13.1
102 silly idealTree │   │ └── assert-plus@1.0.0
102 silly idealTree │   ├── debug@2.2.0
102 silly idealTree │   ├── deep-extend@0.4.1
102 silly idealTree │   ├── delayed-stream@1.0.0
102 silly idealTree │   ├── delegates@1.0.0
102 silly idealTree │   ├─┬ ecc-jsbn@0.0.1
102 silly idealTree │   │ └── jsbn@0.0.0
102 silly idealTree │   ├── escape-string-regexp@1.0.5
102 silly idealTree │   ├── esmangle-evaluator@1.0.0
102 silly idealTree │   ├── esprima@2.7.2
102 silly idealTree │   ├── extend@3.0.0
102 silly idealTree │   ├── extsprintf@1.0.2
102 silly idealTree │   ├─┬ falafel@1.2.0
102 silly idealTree │   │ └── isarray@0.0.1
102 silly idealTree │   ├── foreach@2.0.5
102 silly idealTree │   ├── forever-agent@0.6.1
102 silly idealTree │   ├── form-data@1.0.0-rc4
102 silly idealTree │   ├── fstream-ignore@1.0.3
102 silly idealTree │   ├── fstream@1.0.8
102 silly idealTree │   ├── gauge@1.2.7
102 silly idealTree │   ├── generate-function@2.0.0
102 silly idealTree │   ├── generate-object-property@1.2.0
102 silly idealTree │   ├─┬ getpass@0.1.5
102 silly idealTree │   │ └── assert-plus@1.0.0
102 silly idealTree │   ├── github@0.2.4
102 silly idealTree │   ├── glob@7.0.3
102 silly idealTree │   ├── graceful-fs@4.1.3
102 silly idealTree │   ├── graceful-readlink@1.0.1
102 silly idealTree │   ├── har-validator@2.0.6
102 silly idealTree │   ├── has-ansi@2.0.0
102 silly idealTree │   ├── has-unicode@2.0.0
102 silly idealTree │   ├── hawk@3.1.3
102 silly idealTree │   ├── hoek@2.16.3
102 silly idealTree │   ├── http-signature@1.1.1
102 silly idealTree │   ├── inflight@1.0.4
102 silly idealTree │   ├── inherits@2.0.1
102 silly idealTree │   ├── ini@1.3.4
102 silly idealTree │   ├── inline-process-browser@2.0.1
102 silly idealTree │   ├── is-my-json-valid@2.13.1
102 silly idealTree │   ├── is-property@1.0.2
102 silly idealTree │   ├── is-typedarray@1.0.0
102 silly idealTree │   ├── isarray@1.0.0
102 silly idealTree │   ├── isstream@0.1.2
102 silly idealTree │   ├── jodid25519@1.0.2
102 silly idealTree │   ├── jsbn@0.1.0
102 silly idealTree │   ├── json-schema@0.2.2
102 silly idealTree │   ├── json-stringify-safe@5.0.1
102 silly idealTree │   ├── jsonpointer@2.0.0
102 silly idealTree │   ├── jsprim@1.2.2
102 silly idealTree │   ├── lodash._baseslice@4.0.0
102 silly idealTree │   ├── lodash.pad@4.3.0
102 silly idealTree │   ├── lodash.padend@4.4.0
102 silly idealTree │   ├── lodash.padstart@4.4.0
102 silly idealTree │   ├── lodash.tostring@4.1.2
102 silly idealTree │   ├── lru-cache@4.0.1
102 silly idealTree │   ├── mime-db@1.22.0
102 silly idealTree │   ├── mime-types@2.1.10
102 silly idealTree │   ├── mime@1.3.4
102 silly idealTree │   ├── minimatch@3.0.0
102 silly idealTree │   ├── minimist@0.0.8
102 silly idealTree │   ├── mkdirp@0.5.1
102 silly idealTree │   ├── ms@0.7.1
102 silly idealTree │   ├── node-pre-gyp-github@1.1.2
102 silly idealTree │   ├── node-pre-gyp@0.6.26
102 silly idealTree │   ├── node-uuid@1.4.7
102 silly idealTree │   ├── nopt@3.0.6
102 silly idealTree │   ├── npmlog@2.0.3
102 silly idealTree │   ├── oauth-sign@0.8.1
102 silly idealTree │   ├── object-keys@1.0.9
102 silly idealTree │   ├── once@1.3.3
102 silly idealTree │   ├── path-is-absolute@1.0.0
102 silly idealTree │   ├── pinkie-promise@2.0.1
102 silly idealTree │   ├── pinkie@2.0.4
102 silly idealTree │   ├── private@0.1.6
102 silly idealTree │   ├── process-nextick-args@1.0.6
102 silly idealTree │   ├── pseudomap@1.0.2
102 silly idealTree │   ├── qs@6.1.0
102 silly idealTree │   ├─┬ rc@1.1.6
102 silly idealTree │   │ └── minimist@1.2.0
102 silly idealTree │   ├── readable-stream@2.1.0
102 silly idealTree │   ├── recast@0.11.5
102 silly idealTree │   ├── request@2.72.0
102 silly idealTree │   ├── rimraf@2.5.2
102 silly idealTree │   ├── semver@5.1.0
102 silly idealTree │   ├── sntp@1.0.9
102 silly idealTree │   ├── source-map@0.5.4
102 silly idealTree │   ├─┬ sshpk@1.8.1
102 silly idealTree │   │ └── assert-plus@1.0.0
102 silly idealTree │   ├── string_decoder@0.10.31
102 silly idealTree │   ├── stringstream@0.0.5
102 silly idealTree │   ├── strip-ansi@3.0.1
102 silly idealTree │   ├── strip-json-comments@1.0.4
102 silly idealTree │   ├── supports-color@2.0.0
102 silly idealTree │   ├─┬ tar-pack@3.1.3
102 silly idealTree │   │ └── readable-stream@2.0.6
102 silly idealTree │   ├── tar@2.2.1
102 silly idealTree │   ├─┬ through2@0.6.5
102 silly idealTree │   │ ├── isarray@0.0.1
102 silly idealTree │   │ └── readable-stream@1.0.34
102 silly idealTree │   ├── tough-cookie@2.2.2
102 silly idealTree │   ├── tunnel-agent@0.4.2
102 silly idealTree │   ├── tweetnacl@0.13.3
102 silly idealTree │   ├── uid-number@0.0.6
102 silly idealTree │   ├── unreachable-branch-transform@0.5.1
102 silly idealTree │   ├── util-deprecate@1.0.2
102 silly idealTree │   ├── verror@1.3.6
102 silly idealTree │   ├── wrappy@1.0.1
102 silly idealTree │   ├── xtend@4.0.1
102 silly idealTree │   └── yallist@2.0.0
102 silly idealTree ├── raspi-wiringpi@1.0.6
102 silly idealTree ├── raspi@2.1.0
102 silly idealTree ├── raw-body@2.1.7
102 silly idealTree ├── repeat-string@1.5.4
102 silly idealTree ├── right-align@0.1.3
102 silly idealTree ├─┬ send@0.13.1
102 silly idealTree │ ├── http-errors@1.3.1
102 silly idealTree │ └── statuses@1.2.1
102 silly idealTree ├─┬ serialport@4.0.1
102 silly idealTree │ ├── commander@2.9.0
102 silly idealTree │ └─┬ node-pre-gyp@0.6.29
102 silly idealTree │   ├─┬ mkdirp@0.5.1
102 silly idealTree │   │ └── minimist@0.0.8
102 silly idealTree │   ├─┬ nopt@3.0.6
102 silly idealTree │   │ └── abbrev@1.0.9
102 silly idealTree │   ├─┬ npmlog@3.1.2
102 silly idealTree │   │ ├─┬ are-we-there-yet@1.1.2
102 silly idealTree │   │ │ ├── delegates@1.0.0
102 silly idealTree │   │ │ └─┬ readable-stream@2.1.4
102 silly idealTree │   │ │   ├── buffer-shims@1.0.0
102 silly idealTree │   │ │   ├── core-util-is@1.0.2
102 silly idealTree │   │ │   ├── inherits@2.0.1
102 silly idealTree │   │ │   ├── isarray@1.0.0
102 silly idealTree │   │ │   ├── process-nextick-args@1.0.7
102 silly idealTree │   │ │   ├── string_decoder@0.10.31
102 silly idealTree │   │ │   └── util-deprecate@1.0.2
102 silly idealTree │   │ ├── console-control-strings@1.1.0
102 silly idealTree │   │ ├─┬ gauge@2.6.0
102 silly idealTree │   │ │ ├── aproba@1.0.4
102 silly idealTree │   │ │ ├── has-color@0.1.7
102 silly idealTree │   │ │ ├── has-unicode@2.0.1
102 silly idealTree │   │ │ ├── object-assign@4.1.0
102 silly idealTree │   │ │ ├── signal-exit@3.0.0
102 silly idealTree │   │ │ ├─┬ string-width@1.0.1
102 silly idealTree │   │ │ │ ├─┬ code-point-at@1.0.0
102 silly idealTree │   │ │ │ │ └── number-is-nan@1.0.0
102 silly idealTree │   │ │ │ └─┬ is-fullwidth-code-point@1.0.0
102 silly idealTree │   │ │ │   └── number-is-nan@1.0.0
102 silly idealTree │   │ │ ├─┬ strip-ansi@3.0.1
102 silly idealTree │   │ │ │ └── ansi-regex@2.0.0
102 silly idealTree │   │ │ └── wide-align@1.1.0
102 silly idealTree │   │ └── set-blocking@2.0.0
102 silly idealTree │   ├─┬ rc@1.1.6
102 silly idealTree │   │ ├── deep-extend@0.4.1
102 silly idealTree │   │ ├── ini@1.3.4
102 silly idealTree │   │ ├── minimist@1.2.0
102 silly idealTree │   │ └── strip-json-comments@1.0.4
102 silly idealTree │   ├─┬ request@2.73.0
102 silly idealTree │   │ ├── aws-sign2@0.6.0
102 silly idealTree │   │ ├── aws4@1.4.1
102 silly idealTree │   │ ├─┬ bl@1.1.2
102 silly idealTree │   │ │ └─┬ readable-stream@2.0.6
102 silly idealTree │   │ │   ├── core-util-is@1.0.2
102 silly idealTree │   │ │   ├── inherits@2.0.1
102 silly idealTree │   │ │   ├── isarray@1.0.0
102 silly idealTree │   │ │   ├── process-nextick-args@1.0.7
102 silly idealTree │   │ │   ├── string_decoder@0.10.31
102 silly idealTree │   │ │   └── util-deprecate@1.0.2
102 silly idealTree │   │ ├── caseless@0.11.0
102 silly idealTree │   │ ├─┬ combined-stream@1.0.5
102 silly idealTree │   │ │ └── delayed-stream@1.0.0
102 silly idealTree │   │ ├── extend@3.0.0
102 silly idealTree │   │ ├── forever-agent@0.6.1
102 silly idealTree │   │ ├─┬ form-data@1.0.0-rc4
102 silly idealTree │   │ │ └── async@1.5.2
102 silly idealTree │   │ ├─┬ har-validator@2.0.6
102 silly idealTree │   │ │ ├─┬ chalk@1.1.3
102 silly idealTree │   │ │ │ ├── ansi-styles@2.2.1
102 silly idealTree │   │ │ │ ├── escape-string-regexp@1.0.5
102 silly idealTree │   │ │ │ ├─┬ has-ansi@2.0.0
102 silly idealTree │   │ │ │ │ └── ansi-regex@2.0.0
102 silly idealTree │   │ │ │ ├─┬ strip-ansi@3.0.1
102 silly idealTree │   │ │ │ │ └── ansi-regex@2.0.0
102 silly idealTree │   │ │ │ └── supports-color@2.0.0
102 silly idealTree │   │ │ ├─┬ is-my-json-valid@2.13.1
102 silly idealTree │   │ │ │ ├── generate-function@2.0.0
102 silly idealTree │   │ │ │ ├─┬ generate-object-property@1.2.0
102 silly idealTree │   │ │ │ │ └── is-property@1.0.2
102 silly idealTree │   │ │ │ ├── jsonpointer@2.0.0
102 silly idealTree │   │ │ │ └── xtend@4.0.1
102 silly idealTree │   │ │ └─┬ pinkie-promise@2.0.1
102 silly idealTree │   │ │   └── pinkie@2.0.4
102 silly idealTree │   │ ├─┬ hawk@3.1.3
102 silly idealTree │   │ │ ├── boom@2.10.1
102 silly idealTree │   │ │ ├── cryptiles@2.0.5
102 silly idealTree │   │ │ ├── hoek@2.16.3
102 silly idealTree │   │ │ └── sntp@1.0.9
102 silly idealTree │   │ ├─┬ http-signature@1.1.1
102 silly idealTree │   │ │ ├── assert-plus@0.2.0
102 silly idealTree │   │ │ ├─┬ jsprim@1.3.0
102 silly idealTree │   │ │ │ ├── extsprintf@1.0.2
102 silly idealTree │   │ │ │ ├── json-schema@0.2.2
102 silly idealTree │   │ │ │ └── verror@1.3.6
102 silly idealTree │   │ │ └─┬ sshpk@1.8.3
102 silly idealTree │   │ │   ├── asn1@0.2.3
102 silly idealTree │   │ │   ├── assert-plus@1.0.0
102 silly idealTree │   │ │   ├── dashdash@1.14.0
102 silly idealTree │   │ │   ├── ecc-jsbn@0.1.1
102 silly idealTree │   │ │   ├── getpass@0.1.6
102 silly idealTree │   │ │   ├── jodid25519@1.0.2
102 silly idealTree │   │ │   ├── jsbn@0.1.0
102 silly idealTree │   │ │   └── tweetnacl@0.13.3
102 silly idealTree │   │ ├── is-typedarray@1.0.0
102 silly idealTree │   │ ├── isstream@0.1.2
102 silly idealTree │   │ ├── json-stringify-safe@5.0.1
102 silly idealTree │   │ ├─┬ mime-types@2.1.11
102 silly idealTree │   │ │ └── mime-db@1.23.0
102 silly idealTree │   │ ├── node-uuid@1.4.7
102 silly idealTree │   │ ├── oauth-sign@0.8.2
102 silly idealTree │   │ ├── qs@6.2.0
102 silly idealTree │   │ ├── stringstream@0.0.5
102 silly idealTree │   │ ├── tough-cookie@2.2.2
102 silly idealTree │   │ └── tunnel-agent@0.4.3
102 silly idealTree │   ├─┬ rimraf@2.5.3
102 silly idealTree │   │ └─┬ glob@7.0.5
102 silly idealTree │   │   ├── fs.realpath@1.0.0
102 silly idealTree │   │   ├─┬ inflight@1.0.5
102 silly idealTree │   │   │ └── wrappy@1.0.2
102 silly idealTree │   │   ├── inherits@2.0.1
102 silly idealTree │   │   ├─┬ minimatch@3.0.2
102 silly idealTree │   │   │ └─┬ brace-expansion@1.1.5
102 silly idealTree │   │   │   ├── balanced-match@0.4.1
102 silly idealTree │   │   │   └── concat-map@0.0.1
102 silly idealTree │   │   ├─┬ once@1.3.3
102 silly idealTree │   │   │ └── wrappy@1.0.2
102 silly idealTree │   │   └── path-is-absolute@1.0.0
102 silly idealTree │   ├── semver@5.2.0
102 silly idealTree │   ├─┬ tar-pack@3.1.4
102 silly idealTree │   │ ├─┬ fstream-ignore@1.0.5
102 silly idealTree │   │ │ ├── inherits@2.0.1
102 silly idealTree │   │ │ └─┬ minimatch@3.0.2
102 silly idealTree │   │ │   └─┬ brace-expansion@1.1.5
102 silly idealTree │   │ │     ├── balanced-match@0.4.1
102 silly idealTree │   │ │     └── concat-map@0.0.1
102 silly idealTree │   │ ├─┬ fstream@1.0.10
102 silly idealTree │   │ │ ├── graceful-fs@4.1.4
102 silly idealTree │   │ │ └── inherits@2.0.1
102 silly idealTree │   │ ├─┬ once@1.3.3
102 silly idealTree │   │ │ └── wrappy@1.0.2
102 silly idealTree │   │ ├─┬ readable-stream@2.1.4
102 silly idealTree │   │ │ ├── buffer-shims@1.0.0
102 silly idealTree │   │ │ ├── core-util-is@1.0.2
102 silly idealTree │   │ │ ├── inherits@2.0.1
102 silly idealTree │   │ │ ├── isarray@1.0.0
102 silly idealTree │   │ │ ├── process-nextick-args@1.0.7
102 silly idealTree │   │ │ ├── string_decoder@0.10.31
102 silly idealTree │   │ │ └── util-deprecate@1.0.2
102 silly idealTree │   │ └── uid-number@0.0.6
102 silly idealTree │   └─┬ tar@2.2.1
102 silly idealTree │     ├── block-stream@0.0.9
102 silly idealTree │     ├─┬ fstream@1.0.10
102 silly idealTree │     │ └── graceful-fs@4.1.4
102 silly idealTree │     └── inherits@2.0.1
102 silly idealTree ├── serve-favicon@2.3.0
102 silly idealTree ├─┬ serve-static@1.10.3
102 silly idealTree │ ├── http-errors@1.3.1
102 silly idealTree │ ├── send@0.13.2
102 silly idealTree │ └── statuses@1.2.1
102 silly idealTree ├── setprototypeof@1.0.1
102 silly idealTree ├── sf@0.1.7
102 silly idealTree ├── source-map@0.4.4
102 silly idealTree ├── statuses@1.3.0
102 silly idealTree ├── strip-ansi@3.0.1
102 silly idealTree ├── supports-color@2.0.0
102 silly idealTree ├── temporal@0.5.0
102 silly idealTree ├─┬ transformers@2.1.0
102 silly idealTree │ ├── is-promise@1.0.1
102 silly idealTree │ ├── promise@2.0.0
102 silly idealTree │ ├── source-map@0.1.43
102 silly idealTree │ └── uglify-js@2.2.5
102 silly idealTree ├── type-is@1.6.13
102 silly idealTree ├─┬ uglify-js@2.7.3
102 silly idealTree │ └── source-map@0.5.6
102 silly idealTree ├── uglify-to-browserify@1.0.2
102 silly idealTree ├── unpipe@1.0.0
102 silly idealTree ├── utils-merge@1.0.0
102 silly idealTree ├── vary@1.0.1
102 silly idealTree ├── void-elements@2.0.1
102 silly idealTree ├── window-size@0.1.0
102 silly idealTree ├─┬ with@4.0.3
102 silly idealTree │ └── acorn@1.2.2
102 silly idealTree ├── wordwrap@0.0.3
102 silly idealTree └── yargs@3.10.0
103 silly generateActionsToTake Starting
104 silly install generateActionsToTake
105 silly generateActionsToTake Finishing
106 silly diffTrees action count 2
107 silly diffTrees add raspi-gpio@2.3.0
108 silly diffTrees add raspi-io@6.1.0
109 silly decomposeActions action count 16
110 silly decomposeActions fetch raspi-gpio@2.3.0
111 silly decomposeActions extract raspi-gpio@2.3.0
112 silly decomposeActions test raspi-gpio@2.3.0
113 silly decomposeActions preinstall raspi-gpio@2.3.0
114 silly decomposeActions build raspi-gpio@2.3.0
115 silly decomposeActions install raspi-gpio@2.3.0
116 silly decomposeActions postinstall raspi-gpio@2.3.0
117 silly decomposeActions finalize raspi-gpio@2.3.0
118 silly decomposeActions fetch raspi-io@6.1.0
119 silly decomposeActions extract raspi-io@6.1.0
120 silly decomposeActions test raspi-io@6.1.0
121 silly decomposeActions preinstall raspi-io@6.1.0
122 silly decomposeActions build raspi-io@6.1.0
123 silly decomposeActions install raspi-io@6.1.0
124 silly decomposeActions postinstall raspi-io@6.1.0
125 silly decomposeActions finalize raspi-io@6.1.0
126 silly executeActions Starting
127 silly install executeActions
128 silly doSerial global-install 0
129 silly doParallel fetch 2
130 verbose correctMkdir /Users/jbwg312/.npm/_locks correctMkdir not in flight; initializing
131 verbose lock using /Users/jbwg312/.npm/_locks/staging-fc8fa8875625a915.lock for /Users/jbwg312/capstone/server/node_modules/.staging
132 silly doParallel extract 2
133 silly extract raspi-gpio@2.3.0
134 silly extract raspi-io@6.1.0
135 verbose unbuild node_modules/.staging/raspi-gpio-503d9073
136 verbose unbuild node_modules/.staging/raspi-io-e25cb9d2
137 silly gentlyRm /Users/jbwg312/capstone/server/node_modules/.staging/raspi-gpio-503d9073 is being purged from base /Users/jbwg312/capstone/server
138 verbose gentlyRm don't care about contents; nuking /Users/jbwg312/capstone/server/node_modules/.staging/raspi-gpio-503d9073
139 silly gentlyRm /Users/jbwg312/capstone/server/node_modules/.staging/raspi-io-e25cb9d2 is being purged from base /Users/jbwg312/capstone/server
140 verbose gentlyRm don't care about contents; nuking /Users/jbwg312/capstone/server/node_modules/.staging/raspi-io-e25cb9d2
141 verbose tar unpack /Users/jbwg312/.npm/raspi-gpio/2.3.0/package.tgz
142 verbose tar unpacking to /Users/jbwg312/capstone/server/node_modules/.staging/raspi-gpio-503d9073
143 silly gentlyRm /Users/jbwg312/capstone/server/node_modules/.staging/raspi-gpio-503d9073 is being purged
144 verbose gentlyRm don't care about contents; nuking /Users/jbwg312/capstone/server/node_modules/.staging/raspi-gpio-503d9073
145 verbose tar unpack /Users/jbwg312/.npm/raspi-io/6.1.0/package.tgz
146 verbose tar unpacking to /Users/jbwg312/capstone/server/node_modules/.staging/raspi-io-e25cb9d2
147 silly gentlyRm /Users/jbwg312/capstone/server/node_modules/.staging/raspi-io-e25cb9d2 is being purged
148 verbose gentlyRm don't care about contents; nuking /Users/jbwg312/capstone/server/node_modules/.staging/raspi-io-e25cb9d2
149 silly gunzTarPerm modes [ '755', '644' ]
150 silly gunzTarPerm modes [ '755', '644' ]
151 silly gunzTarPerm extractEntry package.json
152 silly gunzTarPerm extractEntry package.json
153 silly gunzTarPerm extractEntry .npmignore
154 silly gunzTarPerm extractEntry README.md
155 silly gunzTarPerm extractEntry .npmignore
156 silly gunzTarPerm extractEntry README.md
157 silly gunzTarPerm extractEntry LICENSE
158 silly gunzTarPerm extractEntry index.js
159 silly gunzTarPerm extractEntry LICENSE
160 silly gunzTarPerm extractEntry CONTRIBUTING.md
161 silly gunzTarPerm extractEntry .eslintrc
162 silly gunzTarPerm extractEntry binding.gyp
163 silly gunzTarPerm extractEntry CHANGELOG.md
164 silly gunzTarPerm extractEntry jsconfig.json
165 silly gunzTarPerm extractEntry .eslintrc
166 silly gunzTarPerm extractEntry jsconfig.json
167 silly gunzTarPerm extractEntry lib/index.js
168 silly gunzTarPerm extractEntry CODE_OF_CONDUCT.md
169 silly gunzTarPerm extractEntry lib/index.js
170 silly gunzTarPerm extractEntry CHANGELOG.md
171 silly gunzTarPerm extractEntry src/addon.cc
172 silly gunzTarPerm extractEntry src/init.cc
173 silly gunzTarPerm extractEntry src/init.h
174 silly gunzTarPerm extractEntry src/read.cc
175 silly gunzTarPerm extractEntry src/read.h
176 silly gunzTarPerm extractEntry src/write.cc
177 silly gunzTarPerm extractEntry src/write.h
178 silly gentlyRm /Users/jbwg312/capstone/server/node_modules/.staging/raspi-io-e25cb9d2/node_modules is being purged
179 verbose gentlyRm don't care about contents; nuking /Users/jbwg312/capstone/server/node_modules/.staging/raspi-io-e25cb9d2/node_modules
180 silly gentlyRm /Users/jbwg312/capstone/server/node_modules/.staging/raspi-gpio-503d9073/node_modules is being purged
181 verbose gentlyRm don't care about contents; nuking /Users/jbwg312/capstone/server/node_modules/.staging/raspi-gpio-503d9073/node_modules
182 silly doParallel preinstall 2
183 silly preinstall raspi-gpio@2.3.0 /Users/jbwg312/capstone/server/node_modules/.staging/raspi-gpio-503d9073
184 info lifecycle raspi-gpio@2.3.0~preinstall: raspi-gpio@2.3.0
185 silly preinstall raspi-io@6.1.0 /Users/jbwg312/capstone/server/node_modules/.staging/raspi-io-e25cb9d2
186 info lifecycle raspi-io@6.1.0~preinstall: raspi-io@6.1.0
187 silly lifecycle raspi-gpio@2.3.0~preinstall: no script for preinstall, continuing
188 silly lifecycle raspi-io@6.1.0~preinstall: no script for preinstall, continuing
189 silly doReverseSerial remove 0
190 silly doSerial move 0
191 silly doSerial finalize 2
192 silly finalize /Users/jbwg312/capstone/server/node_modules/raspi-gpio
193 silly finalize /Users/jbwg312/capstone/server/node_modules/raspi-io
194 silly doSerial build 2
195 silly build raspi-gpio@2.3.0
196 info linkStuff raspi-gpio@2.3.0
197 silly linkStuff raspi-gpio@2.3.0 has /Users/jbwg312/capstone/server/node_modules as its parent node_modules
198 verbose linkBins raspi-gpio@2.3.0
199 verbose linkMans raspi-gpio@2.3.0
200 silly build raspi-io@6.1.0
201 info linkStuff raspi-io@6.1.0
202 silly linkStuff raspi-io@6.1.0 has /Users/jbwg312/capstone/server/node_modules as its parent node_modules
203 verbose linkBins raspi-io@6.1.0
204 verbose linkMans raspi-io@6.1.0
205 silly doSerial global-link 0
206 silly doParallel update-linked 0
207 silly doSerial install 2
208 silly install raspi-gpio@2.3.0 /Users/jbwg312/capstone/server/node_modules/.staging/raspi-gpio-503d9073
209 info lifecycle raspi-gpio@2.3.0~install: raspi-gpio@2.3.0
210 verbose lifecycle raspi-gpio@2.3.0~install: unsafe-perm in lifecycle true
211 verbose lifecycle raspi-gpio@2.3.0~install: PATH: /Users/jbwg312/.nvm/versions/node/v6.2.2/lib/node_modules/npm/bin/node-gyp-bin:/Users/jbwg312/capstone/server/node_modules/raspi-gpio/node_modules/.bin:/Users/jbwg312/capstone/server/node_modules/.bin:/Users/jbwg312/.nvm/versions/node/v6.2.2/bin:/Users/jbwg312/.rvm/gems/ruby-2.2.2/bin:/Users/jbwg312/.rvm/gems/ruby-2.2.2@global/bin:/Users/jbwg312/.rvm/rubies/ruby-2.2.2/bin:/Users/jbwg312/.nvm/versions/node/v6.2.2/bin:/usr/local/bin:/usr/bin:/bin:/usr/sbin:/sbin:/Users/jbwg312/.rvm/bin
212 verbose lifecycle raspi-gpio@2.3.0~install: CWD: /Users/jbwg312/capstone/server/node_modules/raspi-gpio
213 silly lifecycle raspi-gpio@2.3.0~install: Args: [ '-c', 'node-gyp rebuild' ]
214 silly lifecycle raspi-gpio@2.3.0~install: Returned: code: 1  signal: null
215 info lifecycle raspi-gpio@2.3.0~install: Failed to exec install script
216 verbose unlock done using /Users/jbwg312/.npm/_locks/staging-fc8fa8875625a915.lock for /Users/jbwg312/capstone/server/node_modules/.staging
217 silly rollbackFailedOptional Starting
218 silly rollbackFailedOptional Finishing
219 silly runTopLevelLifecycles Starting
220 silly runTopLevelLifecycles Finishing
221 silly install printInstalled
222 verbose stack Error: raspi-gpio@2.3.0 install: `node-gyp rebuild`
222 verbose stack Exit status 1
222 verbose stack     at EventEmitter.<anonymous> (/Users/jbwg312/.nvm/versions/node/v6.2.2/lib/node_modules/npm/lib/utils/lifecycle.js:245:16)
222 verbose stack     at emitTwo (events.js:106:13)
222 verbose stack     at EventEmitter.emit (events.js:191:7)
222 verbose stack     at ChildProcess.<anonymous> (/Users/jbwg312/.nvm/versions/node/v6.2.2/lib/node_modules/npm/lib/utils/spawn.js:24:14)
222 verbose stack     at emitTwo (events.js:106:13)
222 verbose stack     at ChildProcess.emit (events.js:191:7)
222 verbose stack     at maybeClose (internal/child_process.js:852:16)
222 verbose stack     at Process.ChildProcess._handle.onexit (internal/child_process.js:215:5)
223 verbose pkgid raspi-gpio@2.3.0
224 verbose cwd /Users/jbwg312/capstone/server
225 error Darwin 15.6.0
226 error argv "/Users/jbwg312/.nvm/versions/node/v6.2.2/bin/node" "/Users/jbwg312/.nvm/versions/node/v6.2.2/bin/npm" "install" "raspi-io" "--save"
227 error node v6.2.2
228 error npm  v3.9.5
229 error code ELIFECYCLE
230 error raspi-gpio@2.3.0 install: `node-gyp rebuild`
230 error Exit status 1
231 error Failed at the raspi-gpio@2.3.0 install script 'node-gyp rebuild'.
231 error Make sure you have the latest version of node.js and npm installed.
231 error If you do, this is most likely a problem with the raspi-gpio package,
231 error not with npm itself.
231 error Tell the author that this fails on your system:
231 error     node-gyp rebuild
231 error You can get information on how to open an issue for this project with:
231 error     npm bugs raspi-gpio
231 error Or if that isn't available, you can get their info via:
231 error     npm owner ls raspi-gpio
231 error There is likely additional logging output above.
232 verbose exit [ 1, true ]
